[20:03:43] [modloading-worker-0/INFO] ========================================
[20:03:43] [modloading-worker-0/INFO] Minecraft: 1.20.1
[20:03:43] [modloading-worker-0/INFO] Side: server
[20:03:43] [modloading-worker-0/INFO] Development: false
[20:03:43] [modloading-worker-0/INFO] Version: 12.1.712
[20:03:43] [modloading-worker-0/INFO] Loader:
[20:03:43] [modloading-worker-0/INFO] - Forge: 47.2.23
[20:03:43] [modloading-worker-0/INFO] Dependencies:
[20:03:43] [modloading-worker-0/INFO] - Cloth Config: 11.1.106
[20:03:43] [modloading-worker-0/INFO] - Architectury: 9.2.14
[20:03:43] [modloading-worker-0/INFO] Mixin: 0.8.5
[20:03:43] [modloading-worker-0/INFO] OS: Linux 6.5.0-28-generic (amd64)
[20:03:43] [modloading-worker-0/INFO] Java: 17.0.10 (Azul Systems, Inc.)
[20:03:43] [modloading-worker-0/INFO] ========================================
[20:03:43] [modloading-worker-0/INFO] Mods:
[20:03:43] [modloading-worker-0/INFO] - anti: 1.0.0
[20:03:43] [modloading-worker-0/INFO] - appleskin: 2.5.1+mc1.20.1
[20:03:43] [modloading-worker-0/INFO] - architectury: 9.2.14
[20:03:43] [modloading-worker-0/INFO] - beyond_earth: 7.0-PRERELEASE
[20:03:43] [modloading-worker-0/INFO] - biomesoplenty: 18.0.0.598
[20:03:43] [modloading-worker-0/INFO] - bookofexperience: 3.1.1
[20:03:43] [modloading-worker-0/INFO] - caelus: 3.1.0+1.20
[20:03:43] [modloading-worker-0/INFO] - cloth_config: 11.1.106
[20:03:43] [modloading-worker-0/INFO] - connectormod: 1.0.0-beta.42+1.20.1
[20:03:43] [modloading-worker-0/INFO] - create: 0.5.1.f
[20:03:43] [modloading-worker-0/INFO] - create_jetpack: 4.2.1
[20:03:43] [modloading-worker-0/INFO] - create_structures: 1.1.0
[20:03:43] [modloading-worker-0/INFO] - createarmory: 0.5
[20:03:43] [modloading-worker-0/INFO] - curios: 5.8.0-beta.2+1.20.1
[20:03:43] [modloading-worker-0/INFO] - curtain: 1.3.2
[20:03:43] [modloading-worker-0/INFO] - dummmmmmy: 1.20-1.8.14
[20:03:43] [modloading-worker-0/INFO] - elytraslot: 6.3.0+1.20.1
[20:03:43] [modloading-worker-0/INFO] - embeddium: 0.3.12+mc1.20.1
[20:03:43] [modloading-worker-0/INFO] - fabric_api: 0.92.1+1.11.8+1.20.1
[20:03:43] [modloading-worker-0/INFO] - fabric_api_base: 0.4.31+ef105b4977
[20:03:43] [modloading-worker-0/INFO] - fabric_api_lookup_api_v1: 1.6.36+67f9824077
[20:03:43] [modloading-worker-0/INFO] - fabric_biome_api_v1: 13.0.13+dc36698e77
[20:03:43] [modloading-worker-0/INFO] - fabric_block_api_v1: 1.0.11+0e6cb7f777
[20:03:43] [modloading-worker-0/INFO] - fabric_block_view_api_v2: 1.0.1+0767707077
[20:03:43] [modloading-worker-0/INFO] - fabric_blockrenderlayer_v1: 1.1.41+1d0da21e77
[20:03:43] [modloading-worker-0/INFO] - fabric_client_tags_api_v1: 1.1.2+5d6761b877
[20:03:43] [modloading-worker-0/INFO] - fabric_command_api_v1: 1.2.34+f71b366f77
[20:03:43] [modloading-worker-0/INFO] - fabric_command_api_v2: 2.2.13+561530ec77
[20:03:43] [modloading-worker-0/INFO] - fabric_content_registries_v0: 4.0.11+a670df1e77
[20:03:43] [modloading-worker-0/INFO] - fabric_convention_tags_v1: 1.5.5+fa3d1c0177
[20:03:43] [modloading-worker-0/INFO] - fabric_data_attachment_api_v1: 1.0.0+30ef839e77
[20:03:43] [modloading-worker-0/INFO] - fabric_data_generation_api_v1: 12.3.4+369cb3a477
[20:03:43] [modloading-worker-0/INFO] - fabric_dimensions_v1: 2.1.54+8005d10d77
[20:03:43] [modloading-worker-0/INFO] - fabric_entity_events_v1: 1.6.0+6274ab9d77
[20:03:43] [modloading-worker-0/INFO] - fabric_events_interaction_v0: 0.6.2+0d0bd5a777
[20:03:43] [modloading-worker-0/INFO] - fabric_game_rule_api_v1: 1.0.40+683d4da877
[20:03:43] [modloading-worker-0/INFO] - fabric_item_api_v1: 2.1.28+4d0bbcfa77
[20:03:43] [modloading-worker-0/INFO] - fabric_item_group_api_v1: 4.0.12+c9161c2d77
[20:03:43] [modloading-worker-0/INFO] - fabric_key_binding_api_v1: 1.0.37+561530ec77
[20:03:43] [modloading-worker-0/INFO] - fabric_language_kotlin: 1.10.19kotlin.1.9.23
[20:03:43] [modloading-worker-0/INFO] - fabric_lifecycle_events_v1: 2.2.22+afab492177
[20:03:43] [modloading-worker-0/INFO] - fabric_loot_api_v2: 1.2.1+eb28f93e77
[20:03:43] [modloading-worker-0/INFO] - fabric_message_api_v1: 5.1.9+52cc178c77
[20:03:43] [modloading-worker-0/INFO] - fabric_mining_level_api_v1: 2.1.50+561530ec77
[20:03:43] [modloading-worker-0/INFO] - fabric_model_loading_api_v1: 1.0.3+6274ab9d77
[20:03:43] [modloading-worker-0/INFO] - fabric_models_v0: 0.4.2+7c3892a477
[20:03:43] [modloading-worker-0/INFO] - fabric_networking_api_v1: 1.3.11+503a202477
[20:03:43] [modloading-worker-0/INFO] - fabric_object_builder_api_v1: 11.1.3+2174fc8477
[20:03:43] [modloading-worker-0/INFO] - fabric_particles_v1: 1.1.2+78e1ecb877
[20:03:43] [modloading-worker-0/INFO] - fabric_recipe_api_v1: 1.0.21+514a076577
[20:03:43] [modloading-worker-0/INFO] - fabric_registry_sync_v0: 2.3.3+1c0ea72177
[20:03:43] [modloading-worker-0/INFO] - fabric_renderer_api_v1: 3.2.1+1d29b44577
[20:03:43] [modloading-worker-0/INFO] - fabric_renderer_indigo: 1.5.1+67f9824077
[20:03:43] [modloading-worker-0/INFO] - fabric_rendering_data_attachment_v1: 0.3.37+a6081afc77
[20:03:43] [modloading-worker-0/INFO] - fabric_rendering_fluids_v1: 3.0.28+4ac5e37a77
[20:03:43] [modloading-worker-0/INFO] - fabric_rendering_v1: 3.0.8+66e9a48f77
[20:03:43] [modloading-worker-0/INFO] - fabric_resource_conditions_api_v1: 2.3.8+9ad825cd77
[20:03:43] [modloading-worker-0/INFO] - fabric_resource_loader_v0: 0.11.10+bcd08ed377
[20:03:43] [modloading-worker-0/INFO] - fabric_screen_api_v1: 2.0.8+45a670a577
[20:03:43] [modloading-worker-0/INFO] - fabric_screen_handler_api_v1: 1.3.30+561530ec77
[20:03:43] [modloading-worker-0/INFO] - fabric_sound_api_v1: 1.0.13+4f23bd8477
[20:03:43] [modloading-worker-0/INFO] - fabric_transfer_api_v1: 3.3.5+631c9cd677
[20:03:43] [modloading-worker-0/INFO] - fabric_transitive_access_wideners_v1: 4.3.1+1880499877
[20:03:43] [modloading-worker-0/INFO] - ferritecore: 6.0.1
[20:03:43] [modloading-worker-0/INFO] - flightlib: 2.1.0
[20:03:43] [modloading-worker-0/INFO] - flywheel: 0.6.10-7
[20:03:43] [modloading-worker-0/INFO] - forge: 47.2.23
[20:03:43] [modloading-worker-0/INFO] - geckolib: 4.4.4
[20:03:43] [modloading-worker-0/INFO] - globalpacks: 1.16.2_forge
[20:03:43] [modloading-worker-0/INFO] - jade: 11.8.0
[20:03:43] [modloading-worker-0/INFO] - kotlinforforge: 4.10.0
[20:03:43] [modloading-worker-0/INFO] - memoryleakfix: 1.1.5
[20:03:43] [modloading-worker-0/INFO] - minecraft: 1.20.1
[20:03:43] [modloading-worker-0/INFO] - mixinextras: 0.3.5
[20:03:43] [modloading-worker-0/INFO] - mohist: 1.20.1
[20:03:43] [modloading-worker-0/INFO] - moonlight: 1.20-2.11.12
[20:03:43] [modloading-worker-0/INFO] - nightconfigfixes: 8.0.0
[20:03:43] [modloading-worker-0/INFO] - nochatreports: 1.20.1-v2.2.2
[20:03:43] [modloading-worker-0/INFO] - org_jetbrains_kotlin_kotlin_reflect: 1.9.23
[20:03:43] [modloading-worker-0/INFO] - org_jetbrains_kotlin_kotlin_stdlib: 1.9.23
[20:03:43] [modloading-worker-0/INFO] - org_jetbrains_kotlin_kotlin_stdlib_jdk7: 1.9.23
[20:03:43] [modloading-worker-0/INFO] - org_jetbrains_kotlin_kotlin_stdlib_jdk8: 1.9.23
[20:03:43] [modloading-worker-0/INFO] - org_jetbrains_kotlinx_atomicfu_jvm: 0.23.2
[20:03:43] [modloading-worker-0/INFO] - org_jetbrains_kotlinx_kotlinx_coroutines_core_jvm: 1.8.0
[20:03:43] [modloading-worker-0/INFO] - org_jetbrains_kotlinx_kotlinx_coroutines_jdk8: 1.8.0
[20:03:43] [modloading-worker-0/INFO] - org_jetbrains_kotlinx_kotlinx_datetime_jvm: 0.5.0
[20:03:43] [modloading-worker-0/INFO] - org_jetbrains_kotlinx_kotlinx_serialization_cbor_jvm: 1.6.3
[20:03:43] [modloading-worker-0/INFO] - org_jetbrains_kotlinx_kotlinx_serialization_core_jvm: 1.6.3
[20:03:43] [modloading-worker-0/INFO] - org_jetbrains_kotlinx_kotlinx_serialization_json_jvm: 1.6.3
[20:03:43] [modloading-worker-0/INFO] - radium: 0.12.3+git.50c5c33
[20:03:43] [modloading-worker-0/INFO] - roughlyenoughitems: 12.1.712
[20:03:43] [modloading-worker-0/INFO] - rubidium: 0.7.1
[20:03:43] [modloading-worker-0/INFO] - saturn: 0.1.3
[20:03:43] [modloading-worker-0/INFO] - smoothboot: 0.0.4
[20:03:43] [modloading-worker-0/INFO] - sophisticatedcore: 0.6.18.597
[20:03:43] [modloading-worker-0/INFO] - soulfired: 3.2.1.0
[20:03:43] [modloading-worker-0/INFO] - starlight: 1.1.2+forge.1cda73c
[20:03:43] [modloading-worker-0/INFO] - tectonic: 2.3.4
[20:03:43] [modloading-worker-0/INFO] - terrablender: 3.0.1.4
[20:03:43] [modloading-worker-0/INFO] - torchhit: 6.0.2.0
[20:03:43] [modloading-worker-0/INFO] - twilightforest: 4.3.2145
[20:03:43] [modloading-worker-0/INFO] - valkyrienskies: 2.3.0-beta.5
[20:03:43] [modloading-worker-0/INFO] - vs_clockwork: 1.20.1-0.1.16-forge-b3b22e39fe
[20:03:43] [modloading-worker-0/INFO] - vs_eureka: 1.3.0-beta.4
[20:03:43] [modloading-worker-0/INFO] - xaerominimap: 24.1.1
[20:03:43] [modloading-worker-0/INFO] - xaeroworldmap: 1.38.4
[20:03:43] [modloading-worker-0/INFO] ========================================
[20:03:43] [modloading-worker-0/INFO] [REI] Registered plugin provider DefaultPluginImpl [roughlyenoughitems] for REIServerPlugin
[20:03:43] [modloading-worker-0/INFO] [REI] Registered plugin provider DefaultPluginImpl [roughlyenoughitems] for REIPlugin
[20:03:43] [modloading-worker-0/INFO] [REI] Registered plugin provider DefaultRuntimePlugin [roughlyenoughitems] for REIServerPlugin
[20:03:43] [modloading-worker-0/INFO] [REI] Registered plugin provider DefaultRuntimePlugin [roughlyenoughitems] for REIPlugin
[20:03:51] [Worker-Main-5/DEBUG] [REI] Processed 1 tags in 964.6 μs for minecraft:recipe_serializer
[20:03:51] [Worker-Main-7/DEBUG] [REI] Processed 3 tags in 1.047 ms for minecraft:instrument[20:03:51] [Worker-Main-4/DEBUG] [REI] Processed 16 tags in 863.4 μs for minecraft:banner_pattern

[20:03:51] [Worker-Main-10/DEBUG] [REI] Processed 0 tags in 7.137 μs for minecraft:worldgen/flat_level_generator_preset
[20:03:51] [Worker-Main-13/DEBUG] [REI] Processed 17 tags in 1.380 ms for minecraft:fluid
[20:03:51] [Worker-Main-6/DEBUG] [REI] Processed 0 tags in 38.66 μs for minecraft:damage_type
[20:03:51] [Worker-Main-3/DEBUG] [REI] Processed 2 tags in 906.0 μs for minecraft:block_entity_type
[20:03:51] [Worker-Main-11/DEBUG] [REI] Processed 11 tags in 43.16 μs for minecraft:enchantment
[20:03:51] [Worker-Main-9/DEBUG] [REI] Processed 1 tags in 951.7 μs for minecraft:painting_variant
[20:03:51] [Worker-Main-14/DEBUG] [REI] Processed 2 tags in 85.54 μs for minecraft:cat_variant
[20:03:51] [Worker-Main-15/DEBUG] [REI] Processed 0 tags in 4.874 μs for twilight:wood_palettes
[20:03:51] [Worker-Main-6/DEBUG] [REI] Processed 0 tags in 4.901 μs for minecraft:dimension_type
[20:03:51] [Worker-Main-1/DEBUG] [REI] Processed 5 tags in 131.1 μs for minecraft:game_event
[20:03:51] [Worker-Main-7/DEBUG] [REI] Processed 0 tags in 4.600 μs for minecraft:worldgen/world_preset
[20:03:51] [Worker-Main-5/DEBUG] [REI] Processed 0 tags in 7.878 μs for minecraft:worldgen/structure
[20:03:51] [Worker-Main-15/DEBUG] [REI] Processed 3 tags in 79.05 μs for minecraft:point_of_interest_type
[20:03:51] [Worker-Main-13/DEBUG] [REI] Processed 37 tags in 225.2 μs for minecraft:entity_type
[20:03:51] [Worker-Main-2/DEBUG] [REI] Processed 0 tags in 105.7 μs for minecraft:worldgen/biome
[20:03:51] [Worker-Main-8/DEBUG] [REI] Processed 546 tags in 2.337 ms for minecraft:item
[20:03:51] [Worker-Main-12/DEBUG] [REI] Processed 441 tags in 4.278 ms for minecraft:block
[20:03:52] [main/DEBUG] [REI] ========================================
[20:03:52] [main/DEBUG] [REI] REIPlugin starting pre-reload for START.
[20:03:52] [main/DEBUG] [REI] Reloadables (7):
[20:03:52] [main/DEBUG] [REI]  - EntryTypeRegistryImpl
[20:03:52] [main/DEBUG] [REI]  - EntrySettingsAdapterRegistryImpl
[20:03:52] [main/DEBUG] [REI]  - RecipeManagerContextImpl
[20:03:52] [main/DEBUG] [REI]  - ItemComparatorRegistryImpl
[20:03:52] [main/DEBUG] [REI]  - FluidComparatorRegistryImpl
[20:03:52] [main/DEBUG] [REI]  - DisplaySerializerRegistryImpl
[20:03:52] [main/DEBUG] [REI]  - FluidSupportProviderImpl
[20:03:52] [main/DEBUG] [REI] Plugins (2):
[20:03:52] [main/DEBUG] [REI]  - (-100.00) DefaultPluginImpl of DefaultPluginImpl [roughlyenoughitems]
[20:03:52] [main/DEBUG] [REI]  - (0.00) DefaultRuntimePlugin of DefaultRuntimePlugin [roughlyenoughitems]
[20:03:52] [main/DEBUG] [REI] ========================================
[20:03:52] [main/TRACE] [REI] [REIPlugin START] Reloading Section: "pre-register/"
[20:03:52] [main/TRACE] [REI] [REIPlugin START] Reloading Section: "pre-register/DefaultPluginImpl of DefaultPluginImpl [roughlyenoughitems]/"
[20:03:52] [main/TRACE] [REI] [REIPlugin START] Reloading Section: "pre-register/DefaultPluginImpl of DefaultPluginImpl [roughlyenoughitems]/" done in 752.3 μs
[20:03:52] [main/TRACE] [REI] [REIPlugin START] Reloading Section: "pre-register/DefaultRuntimePlugin of DefaultRuntimePlugin [roughlyenoughitems]/"
[20:03:52] [main/TRACE] [REI] [REIPlugin START] Reloading Section: "pre-register/DefaultRuntimePlugin of DefaultRuntimePlugin [roughlyenoughitems]/" done in 11.42 μs
[20:03:52] [main/TRACE] [REI] [REIPlugin START] Reloading Section: "pre-register/" done in 7.876 ms
[20:03:52] [main/TRACE] [REI] [REIPlugin START] Reloading Section: "pre-stage/"
[20:03:52] [main/TRACE] [REI] [REIPlugin START] Reloading Section: "pre-stage/EntryTypeRegistryImpl/"
[20:03:52] [main/TRACE] [REI] [REIPlugin START] Reloading Section: "pre-stage/EntryTypeRegistryImpl/" done in 110.5 μs
[20:03:52] [main/TRACE] [REI] [REIPlugin START] Reloading Section: "pre-stage/EntrySettingsAdapterRegistryImpl/"
[20:03:52] [main/TRACE] [REI] [REIPlugin START] Reloading Section: "pre-stage/EntrySettingsAdapterRegistryImpl/" done in 6.071 μs
[20:03:52] [main/TRACE] [REI] [REIPlugin START] Reloading Section: "pre-stage/RecipeManagerContextImpl/"
[20:03:52] [main/TRACE] [REI] [REIPlugin START] Reloading Section: "pre-stage/RecipeManagerContextImpl/" done in 6.074 μs
[20:03:52] [main/TRACE] [REI] [REIPlugin START] Reloading Section: "pre-stage/ItemComparatorRegistryImpl/"
[20:03:52] [main/TRACE] [REI] [REIPlugin START] Reloading Section: "pre-stage/ItemComparatorRegistryImpl/" done in 4.689 μs
[20:03:52] [main/TRACE] [REI] [REIPlugin START] Reloading Section: "pre-stage/FluidComparatorRegistryImpl/"
[20:03:52] [main/TRACE] [REI] [REIPlugin START] Reloading Section: "pre-stage/FluidComparatorRegistryImpl/" done in 4.021 μs
[20:03:52] [main/TRACE] [REI] [REIPlugin START] Reloading Section: "pre-stage/DisplaySerializerRegistryImpl/"
[20:03:52] [main/TRACE] [REI] [REIPlugin START] Reloading Section: "pre-stage/DisplaySerializerRegistryImpl/" done in 3.895 μs
[20:03:52] [main/TRACE] [REI] [REIPlugin START] Reloading Section: "pre-stage/FluidSupportProviderImpl/"
[20:03:52] [main/TRACE] [REI] [REIPlugin START] Reloading Section: "pre-stage/FluidSupportProviderImpl/" done in 3.897 μs
[20:03:52] [main/TRACE] [REI] [REIPlugin START] Reloading Section: "pre-stage/" done in 950.9 μs
[20:03:52] [main/DEBUG] [REI] ========================================
[20:03:52] [main/DEBUG] [REI] REIPlugin finished pre-reload for START in 11.49 ms.
[20:03:52] [main/DEBUG] [REI] ========================================
[20:03:52] [main/DEBUG] [REI] ========================================
[20:03:52] [main/DEBUG] [REI] REIServerPlugin starting pre-reload for START.
[20:03:52] [main/DEBUG] [REI] Reloadables (2):
[20:03:52] [main/DEBUG] [REI]  - MenuInfoRegistryImpl
[20:03:52] [main/DEBUG] [REI]  - SlotAccessorRegistryImpl
[20:03:52] [main/DEBUG] [REI] Plugins (2):
[20:03:52] [main/DEBUG] [REI]  - (-100.00) DefaultPluginImpl of DefaultPluginImpl [roughlyenoughitems]
[20:03:52] [main/DEBUG] [REI]  - (0.00) DefaultRuntimePlugin of DefaultRuntimePlugin [roughlyenoughitems]
[20:03:52] [main/DEBUG] [REI] ========================================
[20:03:52] [main/TRACE] [REI] [REIServerPlugin START] Reloading Section: "pre-register/"
[20:03:52] [main/TRACE] [REI] [REIServerPlugin START] Reloading Section: "pre-register/DefaultPluginImpl of DefaultPluginImpl [roughlyenoughitems]/"
[20:03:52] [main/TRACE] [REI] [REIServerPlugin START] Reloading Section: "pre-register/DefaultPluginImpl of DefaultPluginImpl [roughlyenoughitems]/" done in 21.37 μs
[20:03:52] [main/TRACE] [REI] [REIServerPlugin START] Reloading Section: "pre-register/DefaultRuntimePlugin of DefaultRuntimePlugin [roughlyenoughitems]/"
[20:03:52] [main/TRACE] [REI] [REIServerPlugin START] Reloading Section: "pre-register/DefaultRuntimePlugin of DefaultRuntimePlugin [roughlyenoughitems]/" done in 9.696 μs
[20:03:52] [main/TRACE] [REI] [REIServerPlugin START] Reloading Section: "pre-register/" done in 312.5 μs
[20:03:52] [main/TRACE] [REI] [REIServerPlugin START] Reloading Section: "pre-stage/"
[20:03:52] [main/TRACE] [REI] [REIServerPlugin START] Reloading Section: "pre-stage/MenuInfoRegistryImpl/"
[20:03:52] [main/TRACE] [REI] [REIServerPlugin START] Reloading Section: "pre-stage/MenuInfoRegistryImpl/" done in 5.952 μs
[20:03:52] [main/TRACE] [REI] [REIServerPlugin START] Reloading Section: "pre-stage/SlotAccessorRegistryImpl/"
[20:03:52] [main/TRACE] [REI] [REIServerPlugin START] Reloading Section: "pre-stage/SlotAccessorRegistryImpl/" done in 4.119 μs
[20:03:52] [main/TRACE] [REI] [REIServerPlugin START] Reloading Section: "pre-stage/" done in 180.2 μs
[20:03:52] [main/DEBUG] [REI] ========================================
[20:03:52] [main/DEBUG] [REI] REIServerPlugin finished pre-reload for START in 685.7 μs.
[20:03:52] [main/DEBUG] [REI] ========================================
[20:03:52] [main/INFO] [REI] %%%%%%%%%%%%%%%%%%%%%%%%%%%%%%%%%%%%%%%%
[20:03:52] [main/INFO] [REI] REIPlugin starting main-reload for START.
[20:03:52] [main/DEBUG] [REI] Reloadables (7):
[20:03:52] [main/DEBUG] [REI]  - EntryTypeRegistryImpl
[20:03:52] [main/DEBUG] [REI]  - EntrySettingsAdapterRegistryImpl
[20:03:52] [main/DEBUG] [REI]  - RecipeManagerContextImpl
[20:03:52] [main/DEBUG] [REI]  - ItemComparatorRegistryImpl
[20:03:52] [main/DEBUG] [REI]  - FluidComparatorRegistryImpl
[20:03:52] [main/DEBUG] [REI]  - DisplaySerializerRegistryImpl
[20:03:52] [main/DEBUG] [REI]  - FluidSupportProviderImpl
[20:03:52] [main/INFO] [REI] Plugins (2):
[20:03:52] [main/INFO] [REI]  - (-100.00) DefaultPluginImpl of DefaultPluginImpl [roughlyenoughitems]
[20:03:52] [main/INFO] [REI]  - (0.00) DefaultRuntimePlugin of DefaultRuntimePlugin [roughlyenoughitems]
[20:03:52] [main/INFO] [REI] %%%%%%%%%%%%%%%%%%%%%%%%%%%%%%%%%%%%%%%%
[20:03:52] [main/TRACE] [REI] [REIPlugin START] Reloading Section: "start-reload/"
[20:03:52] [main/TRACE] [REI] [REIPlugin START] Reloading Section: "start-reload/EntryTypeRegistryImpl/"
[20:03:52] [main/TRACE] [REI] [REIPlugin START] Reloading Section: "start-reload/EntryTypeRegistryImpl/" done in 48.83 μs
[20:03:52] [main/TRACE] [REI] [REIPlugin START] Reloading Section: "start-reload/EntrySettingsAdapterRegistryImpl/"
[20:03:52] [main/TRACE] [REI] [REIPlugin START] Reloading Section: "start-reload/EntrySettingsAdapterRegistryImpl/" done in 7.144 μs
[20:03:52] [main/TRACE] [REI] [REIPlugin START] Reloading Section: "start-reload/RecipeManagerContextImpl/"
[20:03:52] [main/TRACE] [REI] [REIPlugin START] Reloading Section: "start-reload/RecipeManagerContextImpl/" done in 4.917 μs
[20:03:52] [main/TRACE] [REI] [REIPlugin START] Reloading Section: "start-reload/ItemComparatorRegistryImpl/"
[20:03:52] [main/TRACE] [REI] [REIPlugin START] Reloading Section: "start-reload/ItemComparatorRegistryImpl/" done in 21.69 μs
[20:03:52] [main/TRACE] [REI] [REIPlugin START] Reloading Section: "start-reload/FluidComparatorRegistryImpl/"
[20:03:52] [main/TRACE] [REI] [REIPlugin START] Reloading Section: "start-reload/FluidComparatorRegistryImpl/" done in 12.63 μs
[20:03:52] [main/TRACE] [REI] [REIPlugin START] Reloading Section: "start-reload/DisplaySerializerRegistryImpl/"
[20:03:52] [main/TRACE] [REI] [REIPlugin START] Reloading Section: "start-reload/DisplaySerializerRegistryImpl/" done in 7.144 μs
[20:03:52] [main/TRACE] [REI] [REIPlugin START] Reloading Section: "start-reload/FluidSupportProviderImpl/"
[20:03:52] [main/TRACE] [REI] [REIPlugin START] Reloading Section: "start-reload/FluidSupportProviderImpl/" done in 17.47 μs
[20:03:52] [main/TRACE] [REI] [REIPlugin START] Reloading Section: "start-reload/" done in 919.7 μs
[20:03:52] [main/DEBUG] [REI] ========================================
[20:03:52] [main/DEBUG] [REI] REIPlugin started main-reload for START.
[20:03:52] [main/DEBUG] [REI] ========================================
[20:03:52] [main/TRACE] [REI] [REIPlugin START] Reloading Section: "reloadable-plugin/EntryTypeRegistryImpl/"
[20:03:52] [main/TRACE] [REI] [REIPlugin START] Reloading Section: "reloadable-plugin/EntryTypeRegistryImpl/DefaultPluginImpl of DefaultPluginImpl [roughlyenoughitems]/"
[20:03:52] [main/TRACE] [REI] [REIPlugin START] Reloading Section: "reloadable-plugin/EntryTypeRegistryImpl/DefaultPluginImpl of DefaultPluginImpl [roughlyenoughitems]/" done in 146.3 μs
[20:03:52] [main/TRACE] [REI] [REIPlugin START] Reloading Section: "reloadable-plugin/EntryTypeRegistryImpl/DefaultRuntimePlugin of DefaultRuntimePlugin [roughlyenoughitems]/"
[20:03:52] [main/TRACE] [REI] [REIPlugin START] Reloading Section: "reloadable-plugin/EntryTypeRegistryImpl/DefaultRuntimePlugin of DefaultRuntimePlugin [roughlyenoughitems]/" done in 5.996 ms
[20:03:52] [main/TRACE] [REI] [REIPlugin START] Reloading Section: "reloadable-plugin/EntryTypeRegistryImpl/" done in 6.904 ms
[20:03:52] [main/TRACE] [REI] [REIPlugin START] Reloading Section: "reloadable-plugin/EntrySettingsAdapterRegistryImpl/"
[20:03:52] [main/TRACE] [REI] [REIPlugin START] Reloading Section: "reloadable-plugin/EntrySettingsAdapterRegistryImpl/DefaultPluginImpl of DefaultPluginImpl [roughlyenoughitems]/"
[20:03:52] [main/TRACE] [REI] [REIPlugin START] Reloading Section: "reloadable-plugin/EntrySettingsAdapterRegistryImpl/DefaultPluginImpl of DefaultPluginImpl [roughlyenoughitems]/" done in 21.22 μs
[20:03:52] [main/TRACE] [REI] [REIPlugin START] Reloading Section: "reloadable-plugin/EntrySettingsAdapterRegistryImpl/DefaultRuntimePlugin of DefaultRuntimePlugin [roughlyenoughitems]/"
[20:03:52] [main/TRACE] [REI] [REIPlugin START] Reloading Section: "reloadable-plugin/EntrySettingsAdapterRegistryImpl/DefaultRuntimePlugin of DefaultRuntimePlugin [roughlyenoughitems]/" done in 9.640 μs
[20:03:52] [main/TRACE] [REI] [REIPlugin START] Reloading Section: "reloadable-plugin/EntrySettingsAdapterRegistryImpl/" done in 373.7 μs
[20:03:52] [main/TRACE] [REI] [REIPlugin START] Reloading Section: "reloadable-plugin/RecipeManagerContextImpl/"
[20:03:52] [main/TRACE] [REI] [REIPlugin START] Reloading Section: "reloadable-plugin/RecipeManagerContextImpl/DefaultPluginImpl of DefaultPluginImpl [roughlyenoughitems]/"
[20:03:52] [main/TRACE] [REI] [REIPlugin START] Reloading Section: "reloadable-plugin/RecipeManagerContextImpl/DefaultPluginImpl of DefaultPluginImpl [roughlyenoughitems]/" done in 6.757 μs
[20:03:52] [main/TRACE] [REI] [REIPlugin START] Reloading Section: "reloadable-plugin/RecipeManagerContextImpl/DefaultRuntimePlugin of DefaultRuntimePlugin [roughlyenoughitems]/"
[20:03:52] [main/TRACE] [REI] [REIPlugin START] Reloading Section: "reloadable-plugin/RecipeManagerContextImpl/DefaultRuntimePlugin of DefaultRuntimePlugin [roughlyenoughitems]/" done in 7.151 μs
[20:03:52] [main/TRACE] [REI] [REIPlugin START] Reloading Section: "reloadable-plugin/RecipeManagerContextImpl/" done in 293.5 μs
[20:03:52] [main/TRACE] [REI] [REIPlugin START] Reloading Section: "reloadable-plugin/ItemComparatorRegistryImpl/"
[20:03:52] [main/TRACE] [REI] [REIPlugin START] Reloading Section: "reloadable-plugin/ItemComparatorRegistryImpl/DefaultPluginImpl of DefaultPluginImpl [roughlyenoughitems]/"
[20:03:52] [main/TRACE] [REI] [REIPlugin START] Reloading Section: "reloadable-plugin/ItemComparatorRegistryImpl/DefaultPluginImpl of DefaultPluginImpl [roughlyenoughitems]/" done in 894.6 μs
[20:03:52] [main/TRACE] [REI] [REIPlugin START] Reloading Section: "reloadable-plugin/ItemComparatorRegistryImpl/DefaultRuntimePlugin of DefaultRuntimePlugin [roughlyenoughitems]/"
[20:03:52] [main/TRACE] [REI] [REIPlugin START] Reloading Section: "reloadable-plugin/ItemComparatorRegistryImpl/DefaultRuntimePlugin of DefaultRuntimePlugin [roughlyenoughitems]/" done in 22.50 μs
[20:03:52] [main/TRACE] [REI] [REIPlugin START] Reloading Section: "reloadable-plugin/ItemComparatorRegistryImpl/" done in 1.330 ms
[20:03:52] [main/TRACE] [REI] [REIPlugin START] Reloading Section: "reloadable-plugin/FluidComparatorRegistryImpl/"
[20:03:52] [main/TRACE] [REI] [REIPlugin START] Reloading Section: "reloadable-plugin/FluidComparatorRegistryImpl/DefaultPluginImpl of DefaultPluginImpl [roughlyenoughitems]/"
[20:03:52] [main/TRACE] [REI] [REIPlugin START] Reloading Section: "reloadable-plugin/FluidComparatorRegistryImpl/DefaultPluginImpl of DefaultPluginImpl [roughlyenoughitems]/" done in 13.34 μs
[20:03:52] [main/TRACE] [REI] [REIPlugin START] Reloading Section: "reloadable-plugin/FluidComparatorRegistryImpl/DefaultRuntimePlugin of DefaultRuntimePlugin [roughlyenoughitems]/"
[20:03:52] [main/TRACE] [REI] [REIPlugin START] Reloading Section: "reloadable-plugin/FluidComparatorRegistryImpl/DefaultRuntimePlugin of DefaultRuntimePlugin [roughlyenoughitems]/" done in 6.045 μs
[20:03:52] [main/TRACE] [REI] [REIPlugin START] Reloading Section: "reloadable-plugin/FluidComparatorRegistryImpl/" done in 252.1 μs
[20:03:52] [main/TRACE] [REI] [REIPlugin START] Reloading Section: "reloadable-plugin/DisplaySerializerRegistryImpl/"
[20:03:52] [main/TRACE] [REI] [REIPlugin START] Reloading Section: "reloadable-plugin/DisplaySerializerRegistryImpl/DefaultPluginImpl of DefaultPluginImpl [roughlyenoughitems]/"
[20:03:52] [main/TRACE] [REI] [REIPlugin START] Reloading Section: "reloadable-plugin/DisplaySerializerRegistryImpl/DefaultPluginImpl of DefaultPluginImpl [roughlyenoughitems]/" done in 5.600 μs
[20:03:52] [main/TRACE] [REI] [REIPlugin START] Reloading Section: "reloadable-plugin/DisplaySerializerRegistryImpl/DefaultRuntimePlugin of DefaultRuntimePlugin [roughlyenoughitems]/"
[20:03:52] [main/TRACE] [REI] [REIPlugin START] Reloading Section: "reloadable-plugin/DisplaySerializerRegistryImpl/DefaultRuntimePlugin of DefaultRuntimePlugin [roughlyenoughitems]/" done in 15.95 μs
[20:03:52] [main/TRACE] [REI] [REIPlugin START] Reloading Section: "reloadable-plugin/DisplaySerializerRegistryImpl/" done in 256.1 μs
[20:03:52] [main/TRACE] [REI] [REIPlugin START] Reloading Section: "reloadable-plugin/FluidSupportProviderImpl/"
[20:03:52] [main/TRACE] [REI] [REIPlugin START] Reloading Section: "reloadable-plugin/FluidSupportProviderImpl/DefaultPluginImpl of DefaultPluginImpl [roughlyenoughitems]/"
[20:03:52] [main/TRACE] [REI] [REIPlugin START] Reloading Section: "reloadable-plugin/FluidSupportProviderImpl/DefaultPluginImpl of DefaultPluginImpl [roughlyenoughitems]/" done in 764.6 μs
[20:03:52] [main/TRACE] [REI] [REIPlugin START] Reloading Section: "reloadable-plugin/FluidSupportProviderImpl/DefaultRuntimePlugin of DefaultRuntimePlugin [roughlyenoughitems]/"
[20:03:52] [main/TRACE] [REI] [REIPlugin START] Reloading Section: "reloadable-plugin/FluidSupportProviderImpl/DefaultRuntimePlugin of DefaultRuntimePlugin [roughlyenoughitems]/" done in 12.82 μs
[20:03:52] [main/TRACE] [REI] [REIPlugin START] Reloading Section: "reloadable-plugin/FluidSupportProviderImpl/" done in 1.037 ms
[20:03:52] [main/DEBUG] [REI] ========================================
[20:03:52] [main/DEBUG] [REI] REIPlugin ending main-reload for START.
[20:03:52] [main/DEBUG] [REI] ========================================
[20:03:52] [main/TRACE] [REI] [REIPlugin START] Reloading Section: "end-reload/"
[20:03:52] [main/TRACE] [REI] [REIPlugin START] Reloading Section: "end-reload/EntryTypeRegistryImpl/"
[20:03:52] [main/TRACE] [REI] [REIPlugin START] Reloading Section: "end-reload/EntryTypeRegistryImpl/" done in 9.606 μs
[20:03:52] [main/TRACE] [REI] [REIPlugin START] Reloading Section: "end-reload/EntrySettingsAdapterRegistryImpl/"
[20:03:52] [main/TRACE] [REI] [REIPlugin START] Reloading Section: "end-reload/EntrySettingsAdapterRegistryImpl/" done in 3.558 μs
[20:03:52] [main/TRACE] [REI] [REIPlugin START] Reloading Section: "end-reload/RecipeManagerContextImpl/"
[20:03:52] [main/TRACE] [REI] [REIPlugin START] Reloading Section: "end-reload/RecipeManagerContextImpl/" done in 3.252 μs
[20:03:52] [main/TRACE] [REI] [REIPlugin START] Reloading Section: "end-reload/ItemComparatorRegistryImpl/"
[20:03:52] [main/TRACE] [REI] [REIPlugin START] Reloading Section: "end-reload/ItemComparatorRegistryImpl/" done in 3.532 μs
[20:03:52] [main/TRACE] [REI] [REIPlugin START] Reloading Section: "end-reload/FluidComparatorRegistryImpl/"
[20:03:52] [main/TRACE] [REI] [REIPlugin START] Reloading Section: "end-reload/FluidComparatorRegistryImpl/" done in 3.112 μs
[20:03:52] [main/TRACE] [REI] [REIPlugin START] Reloading Section: "end-reload/DisplaySerializerRegistryImpl/"
[20:03:52] [main/TRACE] [REI] [REIPlugin START] Reloading Section: "end-reload/DisplaySerializerRegistryImpl/" done in 12.15 μs
[20:03:52] [main/TRACE] [REI] [REIPlugin START] Reloading Section: "end-reload/FluidSupportProviderImpl/"
[20:03:52] [main/TRACE] [REI] [REIPlugin START] Reloading Section: "end-reload/FluidSupportProviderImpl/" done in 8.002 μs
[20:03:52] [main/TRACE] [REI] [REIPlugin START] Reloading Section: "end-reload/" done in 692.0 μs
[20:03:52] [main/DEBUG] [REI] ========================================
[20:03:52] [main/DEBUG] [REI] REIPlugin ended main-reload for START in 15.16 ms.
[20:03:52] [main/DEBUG] [REI] ========================================
[20:03:52] [main/INFO] [REI] @@@@@@@@@@@@@@@@@@@@@@@@@@@@@@@@@@@@@@@@
[20:03:52] [main/INFO] [REI] REIServerPlugin starting main-reload for START.
[20:03:52] [main/DEBUG] [REI] Reloadables (2):
[20:03:52] [main/DEBUG] [REI]  - MenuInfoRegistryImpl
[20:03:52] [main/DEBUG] [REI]  - SlotAccessorRegistryImpl
[20:03:52] [main/INFO] [REI] Plugins (2):
[20:03:52] [main/INFO] [REI]  - (-100.00) DefaultPluginImpl of DefaultPluginImpl [roughlyenoughitems]
[20:03:52] [main/INFO] [REI]  - (0.00) DefaultRuntimePlugin of DefaultRuntimePlugin [roughlyenoughitems]
[20:03:52] [main/INFO] [REI] @@@@@@@@@@@@@@@@@@@@@@@@@@@@@@@@@@@@@@@@
[20:03:52] [main/TRACE] [REI] [REIServerPlugin START] Reloading Section: "start-reload/"
[20:03:52] [main/TRACE] [REI] [REIServerPlugin START] Reloading Section: "start-reload/MenuInfoRegistryImpl/"
[20:03:52] [main/TRACE] [REI] [REIServerPlugin START] Reloading Section: "start-reload/MenuInfoRegistryImpl/" done in 7.292 μs
[20:03:52] [main/TRACE] [REI] [REIServerPlugin START] Reloading Section: "start-reload/SlotAccessorRegistryImpl/"
[20:03:52] [main/TRACE] [REI] [REIServerPlugin START] Reloading Section: "start-reload/SlotAccessorRegistryImpl/" done in 3.968 μs
[20:03:52] [main/TRACE] [REI] [REIServerPlugin START] Reloading Section: "start-reload/" done in 154.8 μs
[20:03:52] [main/DEBUG] [REI] ========================================
[20:03:52] [main/DEBUG] [REI] REIServerPlugin started main-reload for START.
[20:03:52] [main/DEBUG] [REI] ========================================
[20:03:52] [main/TRACE] [REI] [REIServerPlugin START] Reloading Section: "reloadable-plugin/MenuInfoRegistryImpl/"
[20:03:52] [main/TRACE] [REI] [REIServerPlugin START] Reloading Section: "reloadable-plugin/MenuInfoRegistryImpl/DefaultPluginImpl of DefaultPluginImpl [roughlyenoughitems]/"
[20:03:52] [main/TRACE] [REI] [REIServerPlugin START] Reloading Section: "reloadable-plugin/MenuInfoRegistryImpl/DefaultPluginImpl of DefaultPluginImpl [roughlyenoughitems]/" done in 9.563 μs
[20:03:52] [main/TRACE] [REI] [REIServerPlugin START] Reloading Section: "reloadable-plugin/MenuInfoRegistryImpl/DefaultRuntimePlugin of DefaultRuntimePlugin [roughlyenoughitems]/"
[20:03:52] [main/TRACE] [REI] [REIServerPlugin START] Reloading Section: "reloadable-plugin/MenuInfoRegistryImpl/DefaultRuntimePlugin of DefaultRuntimePlugin [roughlyenoughitems]/" done in 10.66 μs
[20:03:52] [main/TRACE] [REI] [REIServerPlugin START] Reloading Section: "reloadable-plugin/MenuInfoRegistryImpl/" done in 273.1 μs
[20:03:52] [main/TRACE] [REI] [REIServerPlugin START] Reloading Section: "reloadable-plugin/SlotAccessorRegistryImpl/"
[20:03:52] [main/TRACE] [REI] [REIServerPlugin START] Reloading Section: "reloadable-plugin/SlotAccessorRegistryImpl/DefaultPluginImpl of DefaultPluginImpl [roughlyenoughitems]/"
[20:03:52] [main/TRACE] [REI] [REIServerPlugin START] Reloading Section: "reloadable-plugin/SlotAccessorRegistryImpl/DefaultPluginImpl of DefaultPluginImpl [roughlyenoughitems]/" done in 8.782 μs
[20:03:52] [main/TRACE] [REI] [REIServerPlugin START] Reloading Section: "reloadable-plugin/SlotAccessorRegistryImpl/DefaultRuntimePlugin of DefaultRuntimePlugin [roughlyenoughitems]/"
[20:03:52] [main/TRACE] [REI] [REIServerPlugin START] Reloading Section: "reloadable-plugin/SlotAccessorRegistryImpl/DefaultRuntimePlugin of DefaultRuntimePlugin [roughlyenoughitems]/" done in 8.321 μs
[20:03:52] [main/TRACE] [REI] [REIServerPlugin START] Reloading Section: "reloadable-plugin/SlotAccessorRegistryImpl/" done in 327.4 μs
[20:03:52] [main/DEBUG] [REI] ========================================
[20:03:52] [main/DEBUG] [REI] REIServerPlugin ending main-reload for START.
[20:03:52] [main/DEBUG] [REI] ========================================
[20:03:52] [main/TRACE] [REI] [REIServerPlugin START] Reloading Section: "end-reload/"
[20:03:52] [main/TRACE] [REI] [REIServerPlugin START] Reloading Section: "end-reload/MenuInfoRegistryImpl/"
[20:03:52] [main/TRACE] [REI] [REIServerPlugin START] Reloading Section: "end-reload/MenuInfoRegistryImpl/" done in 7.087 μs
[20:03:52] [main/TRACE] [REI] [REIServerPlugin START] Reloading Section: "end-reload/SlotAccessorRegistryImpl/"
[20:03:52] [main/TRACE] [REI] [REIServerPlugin START] Reloading Section: "end-reload/SlotAccessorRegistryImpl/" done in 5.709 μs
[20:03:52] [main/TRACE] [REI] [REIServerPlugin START] Reloading Section: "end-reload/" done in 602.6 μs
[20:03:52] [main/DEBUG] [REI] ========================================
[20:03:52] [main/DEBUG] [REI] REIServerPlugin ended main-reload for START in 2.918 ms.
[20:03:52] [main/DEBUG] [REI] ========================================
[20:03:52] [main/DEBUG] [REI] ========================================
[20:03:52] [main/DEBUG] [REI] REIPlugin starting post-reload for START.
[20:03:52] [main/DEBUG] [REI] Reloadables (7):
[20:03:52] [main/DEBUG] [REI]  - EntryTypeRegistryImpl
[20:03:52] [main/DEBUG] [REI]  - EntrySettingsAdapterRegistryImpl
[20:03:52] [main/DEBUG] [REI]  - RecipeManagerContextImpl
[20:03:52] [main/DEBUG] [REI]  - ItemComparatorRegistryImpl
[20:03:52] [main/DEBUG] [REI]  - FluidComparatorRegistryImpl
[20:03:52] [main/DEBUG] [REI]  - DisplaySerializerRegistryImpl
[20:03:52] [main/DEBUG] [REI]  - FluidSupportProviderImpl
[20:03:52] [main/DEBUG] [REI] Plugins (2):
[20:03:52] [main/DEBUG] [REI]  - (-100.00) DefaultPluginImpl of DefaultPluginImpl [roughlyenoughitems]
[20:03:52] [main/DEBUG] [REI]  - (0.00) DefaultRuntimePlugin of DefaultRuntimePlugin [roughlyenoughitems]
[20:03:52] [main/DEBUG] [REI] ========================================
[20:03:52] [main/TRACE] [REI] [REIPlugin START] Reloading Section: "post-register/"
[20:03:52] [main/TRACE] [REI] [REIPlugin START] Reloading Section: "post-register/DefaultPluginImpl of DefaultPluginImpl [roughlyenoughitems]/"
[20:03:52] [main/TRACE] [REI] [REIPlugin START] Reloading Section: "post-register/DefaultPluginImpl of DefaultPluginImpl [roughlyenoughitems]/" done in 121.5 μs
[20:03:52] [main/TRACE] [REI] [REIPlugin START] Reloading Section: "post-register/DefaultRuntimePlugin of DefaultRuntimePlugin [roughlyenoughitems]/"
[20:03:52] [main/TRACE] [REI] [REIPlugin START] Reloading Section: "post-register/DefaultRuntimePlugin of DefaultRuntimePlugin [roughlyenoughitems]/" done in 9.277 μs
[20:03:52] [main/TRACE] [REI] [REIPlugin START] Reloading Section: "post-register/" done in 642.3 μs
[20:03:52] [main/TRACE] [REI] [REIPlugin START] Reloading Section: "post-stage/"
[20:03:52] [main/TRACE] [REI] [REIPlugin START] Reloading Section: "post-stage/EntryTypeRegistryImpl/"
[20:03:52] [main/TRACE] [REI] [REIPlugin START] Reloading Section: "post-stage/EntryTypeRegistryImpl/" done in 7.966 μs
[20:03:52] [main/TRACE] [REI] [REIPlugin START] Reloading Section: "post-stage/EntrySettingsAdapterRegistryImpl/"
[20:03:52] [main/TRACE] [REI] [REIPlugin START] Reloading Section: "post-stage/EntrySettingsAdapterRegistryImpl/" done in 2.901 μs
[20:03:52] [main/TRACE] [REI] [REIPlugin START] Reloading Section: "post-stage/RecipeManagerContextImpl/"
[20:03:52] [main/TRACE] [REI] [REIPlugin START] Reloading Section: "post-stage/RecipeManagerContextImpl/" done in 2.709 μs
[20:03:52] [main/TRACE] [REI] [REIPlugin START] Reloading Section: "post-stage/ItemComparatorRegistryImpl/"
[20:03:52] [main/TRACE] [REI] [REIPlugin START] Reloading Section: "post-stage/ItemComparatorRegistryImpl/" done in 2.924 μs
[20:03:52] [main/TRACE] [REI] [REIPlugin START] Reloading Section: "post-stage/FluidComparatorRegistryImpl/"
[20:03:52] [main/TRACE] [REI] [REIPlugin START] Reloading Section: "post-stage/FluidComparatorRegistryImpl/" done in 7.327 μs
[20:03:52] [main/TRACE] [REI] [REIPlugin START] Reloading Section: "post-stage/DisplaySerializerRegistryImpl/"
[20:03:52] [main/TRACE] [REI] [REIPlugin START] Reloading Section: "post-stage/DisplaySerializerRegistryImpl/" done in 6.409 μs
[20:03:52] [main/TRACE] [REI] [REIPlugin START] Reloading Section: "post-stage/FluidSupportProviderImpl/"
[20:03:52] [main/TRACE] [REI] [REIPlugin START] Reloading Section: "post-stage/FluidSupportProviderImpl/" done in 3.452 μs
[20:03:52] [main/TRACE] [REI] [REIPlugin START] Reloading Section: "post-stage/" done in 843.4 μs
[20:03:52] [main/DEBUG] [REI] ========================================
[20:03:52] [main/INFO] [REI] REIPlugin finished post-reload for START in 1.670 ms, totaling 28.27 ms.
[20:03:52] [main/DEBUG] [REI] ========================================
[20:03:52] [main/DEBUG] [REI] ========================================
[20:03:52] [main/DEBUG] [REI] REIServerPlugin starting post-reload for START.
[20:03:52] [main/DEBUG] [REI] Reloadables (2):
[20:03:52] [main/DEBUG] [REI]  - MenuInfoRegistryImpl
[20:03:52] [main/DEBUG] [REI]  - SlotAccessorRegistryImpl
[20:03:52] [main/DEBUG] [REI] Plugins (2):
[20:03:52] [main/DEBUG] [REI]  - (-100.00) DefaultPluginImpl of DefaultPluginImpl [roughlyenoughitems]
[20:03:52] [main/DEBUG] [REI]  - (0.00) DefaultRuntimePlugin of DefaultRuntimePlugin [roughlyenoughitems]
[20:03:52] [main/DEBUG] [REI] ========================================
[20:03:52] [main/TRACE] [REI] [REIServerPlugin START] Reloading Section: "post-register/"
[20:03:52] [main/TRACE] [REI] [REIServerPlugin START] Reloading Section: "post-register/DefaultPluginImpl of DefaultPluginImpl [roughlyenoughitems]/"
[20:03:52] [main/TRACE] [REI] [REIServerPlugin START] Reloading Section: "post-register/DefaultPluginImpl of DefaultPluginImpl [roughlyenoughitems]/" done in 11.00 μs
[20:03:52] [main/TRACE] [REI] [REIServerPlugin START] Reloading Section: "post-register/DefaultRuntimePlugin of DefaultRuntimePlugin [roughlyenoughitems]/"
[20:03:52] [main/TRACE] [REI] [REIServerPlugin START] Reloading Section: "post-register/DefaultRuntimePlugin of DefaultRuntimePlugin [roughlyenoughitems]/" done in 4.147 μs
[20:03:52] [main/TRACE] [REI] [REIServerPlugin START] Reloading Section: "post-register/" done in 157.3 μs
[20:03:52] [main/TRACE] [REI] [REIServerPlugin START] Reloading Section: "post-stage/"
[20:03:52] [main/TRACE] [REI] [REIServerPlugin START] Reloading Section: "post-stage/MenuInfoRegistryImpl/"
[20:03:52] [main/TRACE] [REI] [REIServerPlugin START] Reloading Section: "post-stage/MenuInfoRegistryImpl/" done in 4.710 μs
[20:03:52] [main/TRACE] [REI] [REIServerPlugin START] Reloading Section: "post-stage/SlotAccessorRegistryImpl/"
[20:03:52] [main/TRACE] [REI] [REIServerPlugin START] Reloading Section: "post-stage/SlotAccessorRegistryImpl/" done in 2.593 μs
[20:03:52] [main/TRACE] [REI] [REIServerPlugin START] Reloading Section: "post-stage/" done in 135.2 μs
[20:03:52] [main/DEBUG] [REI] ========================================
[20:03:52] [main/INFO] [REI] REIServerPlugin finished post-reload for START in 499.2 μs, totaling 4.027 ms.
[20:03:52] [main/DEBUG] [REI] ========================================
[20:03:52] [main/DEBUG] [REI] ========================================
[20:03:52] [main/DEBUG] [REI] REIPlugin starting pre-reload for END.
[20:03:52] [main/DEBUG] [REI] Reloadables (7):
[20:03:52] [main/DEBUG] [REI]  - EntryTypeRegistryImpl
[20:03:52] [main/DEBUG] [REI]  - EntrySettingsAdapterRegistryImpl
[20:03:52] [main/DEBUG] [REI]  - RecipeManagerContextImpl
[20:03:52] [main/DEBUG] [REI]  - ItemComparatorRegistryImpl
[20:03:52] [main/DEBUG] [REI]  - FluidComparatorRegistryImpl
[20:03:52] [main/DEBUG] [REI]  - DisplaySerializerRegistryImpl
[20:03:52] [main/DEBUG] [REI]  - FluidSupportProviderImpl
[20:03:52] [main/DEBUG] [REI] Plugins (2):
[20:03:52] [main/DEBUG] [REI]  - (-100.00) DefaultPluginImpl of DefaultPluginImpl [roughlyenoughitems]
[20:03:52] [main/DEBUG] [REI]  - (0.00) DefaultRuntimePlugin of DefaultRuntimePlugin [roughlyenoughitems]
[20:03:52] [main/DEBUG] [REI] ========================================
[20:03:52] [main/TRACE] [REI] [REIPlugin END] Reloading Section: "pre-register/"
[20:03:52] [main/TRACE] [REI] [REIPlugin END] Reloading Section: "pre-register/DefaultPluginImpl of DefaultPluginImpl [roughlyenoughitems]/"
[20:03:52] [main/TRACE] [REI] [REIPlugin END] Reloading Section: "pre-register/DefaultPluginImpl of DefaultPluginImpl [roughlyenoughitems]/" done in 16.20 μs
[20:03:52] [main/TRACE] [REI] [REIPlugin END] Reloading Section: "pre-register/DefaultRuntimePlugin of DefaultRuntimePlugin [roughlyenoughitems]/"
[20:03:52] [main/TRACE] [REI] [REIPlugin END] Reloading Section: "pre-register/DefaultRuntimePlugin of DefaultRuntimePlugin [roughlyenoughitems]/" done in 4.252 μs
[20:03:52] [main/TRACE] [REI] [REIPlugin END] Reloading Section: "pre-register/" done in 167.5 μs
[20:03:52] [main/TRACE] [REI] [REIPlugin END] Reloading Section: "pre-stage/"
[20:03:52] [main/TRACE] [REI] [REIPlugin END] Reloading Section: "pre-stage/EntryTypeRegistryImpl/"
[20:03:52] [main/TRACE] [REI] [REIPlugin END] Reloading Section: "pre-stage/EntryTypeRegistryImpl/" done in 4.596 μs
[20:03:52] [main/TRACE] [REI] [REIPlugin END] Reloading Section: "pre-stage/EntrySettingsAdapterRegistryImpl/"
[20:03:52] [main/TRACE] [REI] [REIPlugin END] Reloading Section: "pre-stage/EntrySettingsAdapterRegistryImpl/" done in 3.308 μs
[20:03:52] [main/TRACE] [REI] [REIPlugin END] Reloading Section: "pre-stage/RecipeManagerContextImpl/"
[20:03:52] [main/TRACE] [REI] [REIPlugin END] Reloading Section: "pre-stage/RecipeManagerContextImpl/" done in 3.640 μs
[20:03:52] [main/TRACE] [REI] [REIPlugin END] Reloading Section: "pre-stage/ItemComparatorRegistryImpl/"
[20:03:52] [main/TRACE] [REI] [REIPlugin END] Reloading Section: "pre-stage/ItemComparatorRegistryImpl/" done in 5.057 μs
[20:03:52] [main/TRACE] [REI] [REIPlugin END] Reloading Section: "pre-stage/FluidComparatorRegistryImpl/"
[20:03:52] [main/TRACE] [REI] [REIPlugin END] Reloading Section: "pre-stage/FluidComparatorRegistryImpl/" done in 2.500 μs
[20:03:52] [main/TRACE] [REI] [REIPlugin END] Reloading Section: "pre-stage/DisplaySerializerRegistryImpl/"
[20:03:52] [main/TRACE] [REI] [REIPlugin END] Reloading Section: "pre-stage/DisplaySerializerRegistryImpl/" done in 2.468 μs
[20:03:52] [main/TRACE] [REI] [REIPlugin END] Reloading Section: "pre-stage/FluidSupportProviderImpl/"
[20:03:52] [main/TRACE] [REI] [REIPlugin END] Reloading Section: "pre-stage/FluidSupportProviderImpl/" done in 9.778 μs
[20:03:52] [main/TRACE] [REI] [REIPlugin END] Reloading Section: "pre-stage/" done in 490.1 μs
[20:03:52] [main/DEBUG] [REI] ========================================
[20:03:52] [main/DEBUG] [REI] REIPlugin finished pre-reload for END in 788.1 μs.
[20:03:52] [main/DEBUG] [REI] ========================================
[20:03:52] [main/DEBUG] [REI] ========================================
[20:03:52] [main/DEBUG] [REI] REIServerPlugin starting pre-reload for END.
[20:03:52] [main/DEBUG] [REI] Reloadables (2):
[20:03:52] [main/DEBUG] [REI]  - MenuInfoRegistryImpl
[20:03:52] [main/DEBUG] [REI]  - SlotAccessorRegistryImpl
[20:03:52] [main/DEBUG] [REI] Plugins (2):
[20:03:52] [main/DEBUG] [REI]  - (-100.00) DefaultPluginImpl of DefaultPluginImpl [roughlyenoughitems]
[20:03:52] [main/DEBUG] [REI]  - (0.00) DefaultRuntimePlugin of DefaultRuntimePlugin [roughlyenoughitems]
[20:03:52] [main/DEBUG] [REI] ========================================
[20:03:52] [main/TRACE] [REI] [REIServerPlugin END] Reloading Section: "pre-register/"
[20:03:52] [main/TRACE] [REI] [REIServerPlugin END] Reloading Section: "pre-register/DefaultPluginImpl of DefaultPluginImpl [roughlyenoughitems]/"
[20:03:52] [main/TRACE] [REI] [REIServerPlugin END] Reloading Section: "pre-register/DefaultPluginImpl of DefaultPluginImpl [roughlyenoughitems]/" done in 11.32 μs
[20:03:52] [main/TRACE] [REI] [REIServerPlugin END] Reloading Section: "pre-register/DefaultRuntimePlugin of DefaultRuntimePlugin [roughlyenoughitems]/"
[20:03:52] [main/TRACE] [REI] [REIServerPlugin END] Reloading Section: "pre-register/DefaultRuntimePlugin of DefaultRuntimePlugin [roughlyenoughitems]/" done in 6.965 μs
[20:03:52] [main/TRACE] [REI] [REIServerPlugin END] Reloading Section: "pre-register/" done in 289.3 μs
[20:03:52] [main/TRACE] [REI] [REIServerPlugin END] Reloading Section: "pre-stage/"
[20:03:52] [main/TRACE] [REI] [REIServerPlugin END] Reloading Section: "pre-stage/MenuInfoRegistryImpl/"
[20:03:52] [main/TRACE] [REI] [REIServerPlugin END] Reloading Section: "pre-stage/MenuInfoRegistryImpl/" done in 4.890 μs
[20:03:52] [main/TRACE] [REI] [REIServerPlugin END] Reloading Section: "pre-stage/SlotAccessorRegistryImpl/"
[20:03:52] [main/TRACE] [REI] [REIServerPlugin END] Reloading Section: "pre-stage/SlotAccessorRegistryImpl/" done in 3.313 μs
[20:03:52] [main/TRACE] [REI] [REIServerPlugin END] Reloading Section: "pre-stage/" done in 143.6 μs
[20:03:52] [main/DEBUG] [REI] ========================================
[20:03:52] [main/DEBUG] [REI] REIServerPlugin finished pre-reload for END in 571.3 μs.
[20:03:52] [main/DEBUG] [REI] ========================================
[20:03:52] [main/INFO] [REI] ++++++++++++++++++++++++++++++++++++++++
[20:03:52] [main/INFO] [REI] REIPlugin starting main-reload for END.
[20:03:52] [main/DEBUG] [REI] Reloadables (7):
[20:03:52] [main/DEBUG] [REI]  - EntryTypeRegistryImpl
[20:03:52] [main/DEBUG] [REI]  - EntrySettingsAdapterRegistryImpl
[20:03:52] [main/DEBUG] [REI]  - RecipeManagerContextImpl
[20:03:52] [main/DEBUG] [REI]  - ItemComparatorRegistryImpl
[20:03:52] [main/DEBUG] [REI]  - FluidComparatorRegistryImpl
[20:03:52] [main/DEBUG] [REI]  - DisplaySerializerRegistryImpl
[20:03:52] [main/DEBUG] [REI]  - FluidSupportProviderImpl
[20:03:52] [main/INFO] [REI] Plugins (2):
[20:03:52] [main/INFO] [REI]  - (-100.00) DefaultPluginImpl of DefaultPluginImpl [roughlyenoughitems]
[20:03:52] [main/INFO] [REI]  - (0.00) DefaultRuntimePlugin of DefaultRuntimePlugin [roughlyenoughitems]
[20:03:52] [main/INFO] [REI] ++++++++++++++++++++++++++++++++++++++++
[20:03:52] [main/TRACE] [REI] [REIPlugin END] Reloading Section: "start-reload/"
[20:03:52] [main/TRACE] [REI] [REIPlugin END] Reloading Section: "start-reload/EntryTypeRegistryImpl/"
[20:03:52] [main/TRACE] [REI] [REIPlugin END] Reloading Section: "start-reload/EntryTypeRegistryImpl/" done in 6.135 μs
[20:03:52] [main/TRACE] [REI] [REIPlugin END] Reloading Section: "start-reload/EntrySettingsAdapterRegistryImpl/"
[20:03:52] [main/TRACE] [REI] [REIPlugin END] Reloading Section: "start-reload/EntrySettingsAdapterRegistryImpl/" done in 18.83 μs
[20:03:52] [main/TRACE] [REI] [REIPlugin END] Reloading Section: "start-reload/RecipeManagerContextImpl/"
[20:03:52] [main/TRACE] [REI] [REIPlugin END] Reloading Section: "start-reload/RecipeManagerContextImpl/" done in 4.467 μs
[20:03:52] [main/TRACE] [REI] [REIPlugin END] Reloading Section: "start-reload/ItemComparatorRegistryImpl/"
[20:03:52] [main/TRACE] [REI] [REIPlugin END] Reloading Section: "start-reload/ItemComparatorRegistryImpl/" done in 3.758 μs
[20:03:52] [main/TRACE] [REI] [REIPlugin END] Reloading Section: "start-reload/FluidComparatorRegistryImpl/"
[20:03:52] [main/TRACE] [REI] [REIPlugin END] Reloading Section: "start-reload/FluidComparatorRegistryImpl/" done in 2.720 μs
[20:03:52] [main/TRACE] [REI] [REIPlugin END] Reloading Section: "start-reload/DisplaySerializerRegistryImpl/"
[20:03:52] [main/TRACE] [REI] [REIPlugin END] Reloading Section: "start-reload/DisplaySerializerRegistryImpl/" done in 8.053 μs
[20:03:52] [main/TRACE] [REI] [REIPlugin END] Reloading Section: "start-reload/FluidSupportProviderImpl/"
[20:03:52] [main/TRACE] [REI] [REIPlugin END] Reloading Section: "start-reload/FluidSupportProviderImpl/" done in 3.309 μs
[20:03:52] [main/TRACE] [REI] [REIPlugin END] Reloading Section: "start-reload/" done in 566.9 μs
[20:03:52] [main/DEBUG] [REI] ========================================
[20:03:52] [main/DEBUG] [REI] REIPlugin started main-reload for END.
[20:03:52] [main/DEBUG] [REI] ========================================
[20:03:52] [main/TRACE] [REI] [REIPlugin END] Reloading Section: "reloadable-plugin/EntryTypeRegistryImpl/"
[20:03:52] [main/TRACE] [REI] [REIPlugin END] Reloading Section: "reloadable-plugin/EntryTypeRegistryImpl/DefaultPluginImpl of DefaultPluginImpl [roughlyenoughitems]/"
[20:03:52] [main/TRACE] [REI] [REIPlugin END] Reloading Section: "reloadable-plugin/EntryTypeRegistryImpl/DefaultPluginImpl of DefaultPluginImpl [roughlyenoughitems]/" done in 10.57 μs
[20:03:52] [main/TRACE] [REI] [REIPlugin END] Reloading Section: "reloadable-plugin/EntryTypeRegistryImpl/DefaultRuntimePlugin of DefaultRuntimePlugin [roughlyenoughitems]/"
[20:03:52] [main/TRACE] [REI] [REIPlugin END] Reloading Section: "reloadable-plugin/EntryTypeRegistryImpl/DefaultRuntimePlugin of DefaultRuntimePlugin [roughlyenoughitems]/" done in 7.849 μs
[20:03:52] [main/TRACE] [REI] [REIPlugin END] Reloading Section: "reloadable-plugin/EntryTypeRegistryImpl/" done in 219.6 μs
[20:03:52] [main/TRACE] [REI] [REIPlugin END] Reloading Section: "reloadable-plugin/EntrySettingsAdapterRegistryImpl/"
[20:03:52] [main/TRACE] [REI] [REIPlugin END] Reloading Section: "reloadable-plugin/EntrySettingsAdapterRegistryImpl/DefaultPluginImpl of DefaultPluginImpl [roughlyenoughitems]/"
[20:03:52] [main/TRACE] [REI] [REIPlugin END] Reloading Section: "reloadable-plugin/EntrySettingsAdapterRegistryImpl/DefaultPluginImpl of DefaultPluginImpl [roughlyenoughitems]/" done in 12.31 μs
[20:03:52] [main/TRACE] [REI] [REIPlugin END] Reloading Section: "reloadable-plugin/EntrySettingsAdapterRegistryImpl/DefaultRuntimePlugin of DefaultRuntimePlugin [roughlyenoughitems]/"
[20:03:52] [main/TRACE] [REI] [REIPlugin END] Reloading Section: "reloadable-plugin/EntrySettingsAdapterRegistryImpl/DefaultRuntimePlugin of DefaultRuntimePlugin [roughlyenoughitems]/" done in 6.887 μs
[20:03:52] [main/TRACE] [REI] [REIPlugin END] Reloading Section: "reloadable-plugin/EntrySettingsAdapterRegistryImpl/" done in 182.1 μs
[20:03:52] [main/TRACE] [REI] [REIPlugin END] Reloading Section: "reloadable-plugin/RecipeManagerContextImpl/"
[20:03:52] [main/TRACE] [REI] [REIPlugin END] Reloading Section: "reloadable-plugin/RecipeManagerContextImpl/DefaultPluginImpl of DefaultPluginImpl [roughlyenoughitems]/"
[20:03:52] [main/TRACE] [REI] [REIPlugin END] Reloading Section: "reloadable-plugin/RecipeManagerContextImpl/DefaultPluginImpl of DefaultPluginImpl [roughlyenoughitems]/" done in 6.301 μs
[20:03:52] [main/TRACE] [REI] [REIPlugin END] Reloading Section: "reloadable-plugin/RecipeManagerContextImpl/DefaultRuntimePlugin of DefaultRuntimePlugin [roughlyenoughitems]/"
[20:03:52] [main/TRACE] [REI] [REIPlugin END] Reloading Section: "reloadable-plugin/RecipeManagerContextImpl/DefaultRuntimePlugin of DefaultRuntimePlugin [roughlyenoughitems]/" done in 5.312 μs
[20:03:52] [main/TRACE] [REI] [REIPlugin END] Reloading Section: "reloadable-plugin/RecipeManagerContextImpl/" done in 157.2 μs
[20:03:52] [main/TRACE] [REI] [REIPlugin END] Reloading Section: "reloadable-plugin/ItemComparatorRegistryImpl/"
[20:03:52] [main/TRACE] [REI] [REIPlugin END] Reloading Section: "reloadable-plugin/ItemComparatorRegistryImpl/DefaultPluginImpl of DefaultPluginImpl [roughlyenoughitems]/"
[20:03:52] [main/TRACE] [REI] [REIPlugin END] Reloading Section: "reloadable-plugin/ItemComparatorRegistryImpl/DefaultPluginImpl of DefaultPluginImpl [roughlyenoughitems]/" done in 5.942 μs
[20:03:52] [main/TRACE] [REI] [REIPlugin END] Reloading Section: "reloadable-plugin/ItemComparatorRegistryImpl/DefaultRuntimePlugin of DefaultRuntimePlugin [roughlyenoughitems]/"
[20:03:52] [main/TRACE] [REI] [REIPlugin END] Reloading Section: "reloadable-plugin/ItemComparatorRegistryImpl/DefaultRuntimePlugin of DefaultRuntimePlugin [roughlyenoughitems]/" done in 5.621 μs
[20:03:52] [main/TRACE] [REI] [REIPlugin END] Reloading Section: "reloadable-plugin/ItemComparatorRegistryImpl/" done in 173.7 μs
[20:03:52] [main/TRACE] [REI] [REIPlugin END] Reloading Section: "reloadable-plugin/FluidComparatorRegistryImpl/"
[20:03:52] [main/TRACE] [REI] [REIPlugin END] Reloading Section: "reloadable-plugin/FluidComparatorRegistryImpl/DefaultPluginImpl of DefaultPluginImpl [roughlyenoughitems]/"
[20:03:52] [main/TRACE] [REI] [REIPlugin END] Reloading Section: "reloadable-plugin/FluidComparatorRegistryImpl/DefaultPluginImpl of DefaultPluginImpl [roughlyenoughitems]/" done in 5.678 μs
[20:03:52] [main/TRACE] [REI] [REIPlugin END] Reloading Section: "reloadable-plugin/FluidComparatorRegistryImpl/DefaultRuntimePlugin of DefaultRuntimePlugin [roughlyenoughitems]/"
[20:03:52] [main/TRACE] [REI] [REIPlugin END] Reloading Section: "reloadable-plugin/FluidComparatorRegistryImpl/DefaultRuntimePlugin of DefaultRuntimePlugin [roughlyenoughitems]/" done in 22.15 μs
[20:03:52] [main/TRACE] [REI] [REIPlugin END] Reloading Section: "reloadable-plugin/FluidComparatorRegistryImpl/" done in 193.8 μs
[20:03:52] [main/TRACE] [REI] [REIPlugin END] Reloading Section: "reloadable-plugin/DisplaySerializerRegistryImpl/"
[20:03:52] [main/TRACE] [REI] [REIPlugin END] Reloading Section: "reloadable-plugin/DisplaySerializerRegistryImpl/DefaultPluginImpl of DefaultPluginImpl [roughlyenoughitems]/"
[20:03:52] [main/TRACE] [REI] [REIPlugin END] Reloading Section: "reloadable-plugin/DisplaySerializerRegistryImpl/DefaultPluginImpl of DefaultPluginImpl [roughlyenoughitems]/" done in 15.36 ms
[20:03:52] [main/TRACE] [REI] [REIPlugin END] Reloading Section: "reloadable-plugin/DisplaySerializerRegistryImpl/DefaultRuntimePlugin of DefaultRuntimePlugin [roughlyenoughitems]/"
[20:03:52] [main/TRACE] [REI] [REIPlugin END] Reloading Section: "reloadable-plugin/DisplaySerializerRegistryImpl/DefaultRuntimePlugin of DefaultRuntimePlugin [roughlyenoughitems]/" done in 19.96 μs
[20:03:52] [main/TRACE] [REI] [REIPlugin END] Reloading Section: "reloadable-plugin/DisplaySerializerRegistryImpl/" done in 15.77 ms
[20:03:52] [main/TRACE] [REI] [REIPlugin END] Reloading Section: "reloadable-plugin/FluidSupportProviderImpl/"
[20:03:52] [main/TRACE] [REI] [REIPlugin END] Reloading Section: "reloadable-plugin/FluidSupportProviderImpl/DefaultPluginImpl of DefaultPluginImpl [roughlyenoughitems]/"
[20:03:52] [main/TRACE] [REI] [REIPlugin END] Reloading Section: "reloadable-plugin/FluidSupportProviderImpl/DefaultPluginImpl of DefaultPluginImpl [roughlyenoughitems]/" done in 7.396 μs
[20:03:52] [main/TRACE] [REI] [REIPlugin END] Reloading Section: "reloadable-plugin/FluidSupportProviderImpl/DefaultRuntimePlugin of DefaultRuntimePlugin [roughlyenoughitems]/"
[20:03:52] [main/TRACE] [REI] [REIPlugin END] Reloading Section: "reloadable-plugin/FluidSupportProviderImpl/DefaultRuntimePlugin of DefaultRuntimePlugin [roughlyenoughitems]/" done in 6.700 μs
[20:03:52] [main/TRACE] [REI] [REIPlugin END] Reloading Section: "reloadable-plugin/FluidSupportProviderImpl/" done in 278.3 μs
[20:03:52] [main/DEBUG] [REI] ========================================
[20:03:52] [main/DEBUG] [REI] REIPlugin ending main-reload for END.
[20:03:52] [main/DEBUG] [REI] ========================================
[20:03:52] [main/TRACE] [REI] [REIPlugin END] Reloading Section: "end-reload/"
[20:03:52] [main/TRACE] [REI] [REIPlugin END] Reloading Section: "end-reload/EntryTypeRegistryImpl/"
[20:03:52] [main/TRACE] [REI] [REIPlugin END] Reloading Section: "end-reload/EntryTypeRegistryImpl/" done in 4.013 μs
[20:03:52] [main/TRACE] [REI] [REIPlugin END] Reloading Section: "end-reload/EntrySettingsAdapterRegistryImpl/"
[20:03:52] [main/TRACE] [REI] [REIPlugin END] Reloading Section: "end-reload/EntrySettingsAdapterRegistryImpl/" done in 3.206 μs
[20:03:52] [main/TRACE] [REI] [REIPlugin END] Reloading Section: "end-reload/RecipeManagerContextImpl/"
[20:03:52] [main/TRACE] [REI] [REIPlugin END] Reloading Section: "end-reload/RecipeManagerContextImpl/" done in 2.527 μs
[20:03:52] [main/TRACE] [REI] [REIPlugin END] Reloading Section: "end-reload/ItemComparatorRegistryImpl/"
[20:03:52] [main/TRACE] [REI] [REIPlugin END] Reloading Section: "end-reload/ItemComparatorRegistryImpl/" done in 3.532 μs
[20:03:52] [main/TRACE] [REI] [REIPlugin END] Reloading Section: "end-reload/FluidComparatorRegistryImpl/"
[20:03:52] [main/TRACE] [REI] [REIPlugin END] Reloading Section: "end-reload/FluidComparatorRegistryImpl/" done in 2.462 μs
[20:03:52] [main/TRACE] [REI] [REIPlugin END] Reloading Section: "end-reload/DisplaySerializerRegistryImpl/"
[20:03:52] [main/TRACE] [REI] [REIPlugin END] Reloading Section: "end-reload/DisplaySerializerRegistryImpl/" done in 2.414 μs
[20:03:52] [main/TRACE] [REI] [REIPlugin END] Reloading Section: "end-reload/FluidSupportProviderImpl/"
[20:03:52] [main/TRACE] [REI] [REIPlugin END] Reloading Section: "end-reload/FluidSupportProviderImpl/" done in 2.905 μs
[20:03:52] [main/TRACE] [REI] [REIPlugin END] Reloading Section: "end-reload/" done in 514.2 μs
[20:03:52] [main/DEBUG] [REI] ========================================
[20:03:52] [main/DEBUG] [REI] REIPlugin ended main-reload for END in 20.03 ms.
[20:03:52] [main/DEBUG] [REI] ========================================
[20:03:52] [main/INFO] [REI] %%%%%%%%%%%%%%%%%%%%%%%%%%%%%%%%%%%%%%%%
[20:03:52] [main/INFO] [REI] REIServerPlugin starting main-reload for END.
[20:03:52] [main/DEBUG] [REI] Reloadables (2):
[20:03:52] [main/DEBUG] [REI]  - MenuInfoRegistryImpl
[20:03:52] [main/DEBUG] [REI]  - SlotAccessorRegistryImpl
[20:03:52] [main/INFO] [REI] Plugins (2):
[20:03:52] [main/INFO] [REI]  - (-100.00) DefaultPluginImpl of DefaultPluginImpl [roughlyenoughitems]
[20:03:52] [main/INFO] [REI]  - (0.00) DefaultRuntimePlugin of DefaultRuntimePlugin [roughlyenoughitems]
[20:03:52] [main/INFO] [REI] %%%%%%%%%%%%%%%%%%%%%%%%%%%%%%%%%%%%%%%%
[20:03:52] [main/TRACE] [REI] [REIServerPlugin END] Reloading Section: "start-reload/"
[20:03:52] [main/TRACE] [REI] [REIServerPlugin END] Reloading Section: "start-reload/MenuInfoRegistryImpl/"
[20:03:52] [main/TRACE] [REI] [REIServerPlugin END] Reloading Section: "start-reload/MenuInfoRegistryImpl/" done in 19.21 μs
[20:03:52] [main/TRACE] [REI] [REIServerPlugin END] Reloading Section: "start-reload/SlotAccessorRegistryImpl/"
[20:03:52] [main/TRACE] [REI] [REIServerPlugin END] Reloading Section: "start-reload/SlotAccessorRegistryImpl/" done in 7.670 μs
[20:03:52] [main/TRACE] [REI] [REIServerPlugin END] Reloading Section: "start-reload/" done in 170.0 μs
[20:03:52] [main/DEBUG] [REI] ========================================
[20:03:52] [main/DEBUG] [REI] REIServerPlugin started main-reload for END.
[20:03:52] [main/DEBUG] [REI] ========================================
[20:03:52] [main/TRACE] [REI] [REIServerPlugin END] Reloading Section: "reloadable-plugin/MenuInfoRegistryImpl/"
[20:03:52] [main/TRACE] [REI] [REIServerPlugin END] Reloading Section: "reloadable-plugin/MenuInfoRegistryImpl/DefaultPluginImpl of DefaultPluginImpl [roughlyenoughitems]/"
[20:03:52] [main/TRACE] [REI] [REIServerPlugin END] Reloading Section: "reloadable-plugin/MenuInfoRegistryImpl/DefaultPluginImpl of DefaultPluginImpl [roughlyenoughitems]/" done in 17.28 μs
[20:03:52] [main/TRACE] [REI] [REIServerPlugin END] Reloading Section: "reloadable-plugin/MenuInfoRegistryImpl/DefaultRuntimePlugin of DefaultRuntimePlugin [roughlyenoughitems]/"
[20:03:52] [main/TRACE] [REI] [REIServerPlugin END] Reloading Section: "reloadable-plugin/MenuInfoRegistryImpl/DefaultRuntimePlugin of DefaultRuntimePlugin [roughlyenoughitems]/" done in 6.534 μs
[20:03:52] [main/TRACE] [REI] [REIServerPlugin END] Reloading Section: "reloadable-plugin/MenuInfoRegistryImpl/" done in 213.2 μs
[20:03:52] [main/TRACE] [REI] [REIServerPlugin END] Reloading Section: "reloadable-plugin/SlotAccessorRegistryImpl/"
[20:03:52] [main/TRACE] [REI] [REIServerPlugin END] Reloading Section: "reloadable-plugin/SlotAccessorRegistryImpl/DefaultPluginImpl of DefaultPluginImpl [roughlyenoughitems]/"
[20:03:52] [main/TRACE] [REI] [REIServerPlugin END] Reloading Section: "reloadable-plugin/SlotAccessorRegistryImpl/DefaultPluginImpl of DefaultPluginImpl [roughlyenoughitems]/" done in 10.74 μs
[20:03:52] [main/TRACE] [REI] [REIServerPlugin END] Reloading Section: "reloadable-plugin/SlotAccessorRegistryImpl/DefaultRuntimePlugin of DefaultRuntimePlugin [roughlyenoughitems]/"
[20:03:52] [main/DEBUG] [REI] Added slot accessor serializer: me.shedaniel.rei.plugin.common.runtime.DefaultRuntimePlugin$1@58d8305f [roughlyenoughitems:vanilla]
[20:03:52] [main/DEBUG] [REI] Added slot accessor serializer: me.shedaniel.rei.plugin.common.runtime.DefaultRuntimePlugin$2@f404647 [roughlyenoughitems:player]
[20:03:52] [main/TRACE] [REI] [REIServerPlugin END] Reloading Section: "reloadable-plugin/SlotAccessorRegistryImpl/DefaultRuntimePlugin of DefaultRuntimePlugin [roughlyenoughitems]/" done in 1.941 ms
[20:03:52] [main/TRACE] [REI] [REIServerPlugin END] Reloading Section: "reloadable-plugin/SlotAccessorRegistryImpl/" done in 2.209 ms
[20:03:52] [main/DEBUG] [REI] ========================================
[20:03:52] [main/DEBUG] [REI] REIServerPlugin ending main-reload for END.
[20:03:52] [main/DEBUG] [REI] ========================================
[20:03:52] [main/TRACE] [REI] [REIServerPlugin END] Reloading Section: "end-reload/"
[20:03:52] [main/TRACE] [REI] [REIServerPlugin END] Reloading Section: "end-reload/MenuInfoRegistryImpl/"
[20:03:52] [main/DEBUG] [REI] Registered 0 menu infos
[20:03:52] [main/TRACE] [REI] [REIServerPlugin END] Reloading Section: "end-reload/MenuInfoRegistryImpl/" done in 75.78 μs
[20:03:52] [main/TRACE] [REI] [REIServerPlugin END] Reloading Section: "end-reload/SlotAccessorRegistryImpl/"
[20:03:52] [main/DEBUG] [REI] Registered 2 slot accessor serializers
[20:03:52] [main/TRACE] [REI] [REIServerPlugin END] Reloading Section: "end-reload/SlotAccessorRegistryImpl/" done in 56.01 μs
[20:03:52] [main/TRACE] [REI] [REIServerPlugin END] Reloading Section: "end-reload/" done in 268.3 μs
[20:03:52] [main/DEBUG] [REI] ========================================
[20:03:52] [main/DEBUG] [REI] REIServerPlugin ended main-reload for END in 4.234 ms.
[20:03:52] [main/DEBUG] [REI] ========================================
[20:03:52] [main/DEBUG] [REI] ========================================
[20:03:52] [main/DEBUG] [REI] REIPlugin starting post-reload for END.
[20:03:52] [main/DEBUG] [REI] Reloadables (7):
[20:03:52] [main/DEBUG] [REI]  - EntryTypeRegistryImpl
[20:03:52] [main/DEBUG] [REI]  - EntrySettingsAdapterRegistryImpl
[20:03:52] [main/DEBUG] [REI]  - RecipeManagerContextImpl
[20:03:52] [main/DEBUG] [REI]  - ItemComparatorRegistryImpl
[20:03:52] [main/DEBUG] [REI]  - FluidComparatorRegistryImpl
[20:03:52] [main/DEBUG] [REI]  - DisplaySerializerRegistryImpl
[20:03:52] [main/DEBUG] [REI]  - FluidSupportProviderImpl
[20:03:52] [main/DEBUG] [REI] Plugins (2):
[20:03:52] [main/DEBUG] [REI]  - (-100.00) DefaultPluginImpl of DefaultPluginImpl [roughlyenoughitems]
[20:03:52] [main/DEBUG] [REI]  - (0.00) DefaultRuntimePlugin of DefaultRuntimePlugin [roughlyenoughitems]
[20:03:52] [main/DEBUG] [REI] ========================================
[20:03:52] [main/TRACE] [REI] [REIPlugin END] Reloading Section: "post-register/"
[20:03:52] [main/TRACE] [REI] [REIPlugin END] Reloading Section: "post-register/DefaultPluginImpl of DefaultPluginImpl [roughlyenoughitems]/"
[20:03:52] [main/TRACE] [REI] [REIPlugin END] Reloading Section: "post-register/DefaultPluginImpl of DefaultPluginImpl [roughlyenoughitems]/" done in 9.874 μs
[20:03:52] [main/TRACE] [REI] [REIPlugin END] Reloading Section: "post-register/DefaultRuntimePlugin of DefaultRuntimePlugin [roughlyenoughitems]/"
[20:03:52] [main/TRACE] [REI] [REIPlugin END] Reloading Section: "post-register/DefaultRuntimePlugin of DefaultRuntimePlugin [roughlyenoughitems]/" done in 4.983 μs
[20:03:52] [main/TRACE] [REI] [REIPlugin END] Reloading Section: "post-register/" done in 151.1 μs
[20:03:52] [main/TRACE] [REI] [REIPlugin END] Reloading Section: "post-stage/"
[20:03:52] [main/TRACE] [REI] [REIPlugin END] Reloading Section: "post-stage/EntryTypeRegistryImpl/"
[20:03:52] [main/TRACE] [REI] [REIPlugin END] Reloading Section: "post-stage/EntryTypeRegistryImpl/" done in 3.678 μs
[20:03:52] [main/TRACE] [REI] [REIPlugin END] Reloading Section: "post-stage/EntrySettingsAdapterRegistryImpl/"
[20:03:52] [main/TRACE] [REI] [REIPlugin END] Reloading Section: "post-stage/EntrySettingsAdapterRegistryImpl/" done in 2.405 μs
[20:03:52] [main/TRACE] [REI] [REIPlugin END] Reloading Section: "post-stage/RecipeManagerContextImpl/"
[20:03:52] [main/TRACE] [REI] [REIPlugin END] Reloading Section: "post-stage/RecipeManagerContextImpl/" done in 2.477 μs
[20:03:52] [main/TRACE] [REI] [REIPlugin END] Reloading Section: "post-stage/ItemComparatorRegistryImpl/"
[20:03:52] [main/TRACE] [REI] [REIPlugin END] Reloading Section: "post-stage/ItemComparatorRegistryImpl/" done in 2.378 μs
[20:03:52] [main/TRACE] [REI] [REIPlugin END] Reloading Section: "post-stage/FluidComparatorRegistryImpl/"
[20:03:52] [main/TRACE] [REI] [REIPlugin END] Reloading Section: "post-stage/FluidComparatorRegistryImpl/" done in 2.321 μs
[20:03:52] [main/TRACE] [REI] [REIPlugin END] Reloading Section: "post-stage/DisplaySerializerRegistryImpl/"
[20:03:52] [main/TRACE] [REI] [REIPlugin END] Reloading Section: "post-stage/DisplaySerializerRegistryImpl/" done in 2.246 μs
[20:03:52] [main/TRACE] [REI] [REIPlugin END] Reloading Section: "post-stage/FluidSupportProviderImpl/"
[20:03:52] [main/TRACE] [REI] [REIPlugin END] Reloading Section: "post-stage/FluidSupportProviderImpl/" done in 2.331 μs
[20:03:52] [main/TRACE] [REI] [REIPlugin END] Reloading Section: "post-stage/" done in 450.2 μs
[20:03:52] [main/DEBUG] [REI] ========================================
[20:03:52] [main/INFO] [REI] REIPlugin finished post-reload for END in 719.1 μs, totaling 21.49 ms.
[20:03:52] [main/DEBUG] [REI] ========================================
[20:03:52] [main/DEBUG] [REI] ========================================
[20:03:52] [main/DEBUG] [REI] REIServerPlugin starting post-reload for END.
[20:03:52] [main/DEBUG] [REI] Reloadables (2):
[20:03:52] [main/DEBUG] [REI]  - MenuInfoRegistryImpl
[20:03:52] [main/DEBUG] [REI]  - SlotAccessorRegistryImpl
[20:03:52] [main/DEBUG] [REI] Plugins (2):
[20:03:52] [main/DEBUG] [REI]  - (-100.00) DefaultPluginImpl of DefaultPluginImpl [roughlyenoughitems]
[20:03:52] [main/DEBUG] [REI]  - (0.00) DefaultRuntimePlugin of DefaultRuntimePlugin [roughlyenoughitems]
[20:03:52] [main/DEBUG] [REI] ========================================
[20:03:52] [main/TRACE] [REI] [REIServerPlugin END] Reloading Section: "post-register/"
[20:03:52] [main/TRACE] [REI] [REIServerPlugin END] Reloading Section: "post-register/DefaultPluginImpl of DefaultPluginImpl [roughlyenoughitems]/"
[20:03:52] [main/TRACE] [REI] [REIServerPlugin END] Reloading Section: "post-register/DefaultPluginImpl of DefaultPluginImpl [roughlyenoughitems]/" done in 23.22 μs
[20:03:52] [main/TRACE] [REI] [REIServerPlugin END] Reloading Section: "post-register/DefaultRuntimePlugin of DefaultRuntimePlugin [roughlyenoughitems]/"
[20:03:52] [main/TRACE] [REI] [REIServerPlugin END] Reloading Section: "post-register/DefaultRuntimePlugin of DefaultRuntimePlugin [roughlyenoughitems]/" done in 4.319 μs
[20:03:52] [main/TRACE] [REI] [REIServerPlugin END] Reloading Section: "post-register/" done in 174.5 μs
[20:03:52] [main/TRACE] [REI] [REIServerPlugin END] Reloading Section: "post-stage/"
[20:03:52] [main/TRACE] [REI] [REIServerPlugin END] Reloading Section: "post-stage/MenuInfoRegistryImpl/"
[20:03:52] [main/TRACE] [REI] [REIServerPlugin END] Reloading Section: "post-stage/MenuInfoRegistryImpl/" done in 3.458 μs
[20:03:52] [main/TRACE] [REI] [REIServerPlugin END] Reloading Section: "post-stage/SlotAccessorRegistryImpl/"
[20:03:52] [main/TRACE] [REI] [REIServerPlugin END] Reloading Section: "post-stage/SlotAccessorRegistryImpl/" done in 2.501 μs
[20:03:52] [main/TRACE] [REI] [REIServerPlugin END] Reloading Section: "post-stage/" done in 157.2 μs
[20:03:52] [main/DEBUG] [REI] ========================================
[20:03:52] [main/INFO] [REI] REIServerPlugin finished post-reload for END in 461.6 μs, totaling 5.215 ms.
[20:03:52] [main/DEBUG] [REI] ========================================
