[15:41:14] [modloading-worker-0/INFO] ========================================
[15:41:14] [modloading-worker-0/INFO] Minecraft: 1.20.1
[15:41:14] [modloading-worker-0/INFO] Side: server
[15:41:14] [modloading-worker-0/INFO] Development: false
[15:41:14] [modloading-worker-0/INFO] Version: 12.1.712
[15:41:14] [modloading-worker-0/INFO] Loader:
[15:41:14] [modloading-worker-0/INFO] - Forge: 47.2.30
[15:41:14] [modloading-worker-0/INFO] Dependencies:
[15:41:14] [modloading-worker-0/INFO] - Cloth Config: 11.1.106
[15:41:14] [modloading-worker-0/INFO] - Architectury: 9.2.14
[15:41:14] [modloading-worker-0/INFO] Mixin: 0.8.5
[15:41:14] [modloading-worker-0/INFO] OS: Linux 6.5.0-28-generic (amd64)
[15:41:14] [modloading-worker-0/INFO] Java: 17.0.10 (Azul Systems, Inc.)
[15:41:14] [modloading-worker-0/INFO] ========================================
[15:41:14] [modloading-worker-0/INFO] Mods:
[15:41:14] [modloading-worker-0/INFO] - anti: 1.0.0
[15:41:14] [modloading-worker-0/INFO] - appleskin: 2.5.1+mc1.20.1
[15:41:14] [modloading-worker-0/INFO] - architectury: 9.2.14
[15:41:14] [modloading-worker-0/INFO] - beyond_earth: 7.0-PRERELEASE
[15:41:14] [modloading-worker-0/INFO] - biomesoplenty: 18.0.0.598
[15:41:14] [modloading-worker-0/INFO] - bookofexperience: 3.1.1
[15:41:14] [modloading-worker-0/INFO] - caelus: 3.1.0+1.20
[15:41:14] [modloading-worker-0/INFO] - cloth_config: 11.1.106
[15:41:14] [modloading-worker-0/INFO] - create: 0.5.1.f
[15:41:14] [modloading-worker-0/INFO] - create_jetpack: 4.2.1
[15:41:14] [modloading-worker-0/INFO] - createarmory: 0.5
[15:41:14] [modloading-worker-0/INFO] - curios: 5.8.0-beta.2+1.20.1
[15:41:14] [modloading-worker-0/INFO] - curtain: 1.3.2
[15:41:14] [modloading-worker-0/INFO] - dummmmmmy: 1.20-1.8.14
[15:41:14] [modloading-worker-0/INFO] - elytraslot: 6.3.0+1.20.1
[15:41:14] [modloading-worker-0/INFO] - embeddium: 0.3.12+mc1.20.1
[15:41:14] [modloading-worker-0/INFO] - fabric_api: 0.92.1+1.11.8+1.20.1
[15:41:14] [modloading-worker-0/INFO] - fabric_api_base: 0.4.31+ef105b4977
[15:41:14] [modloading-worker-0/INFO] - fabric_api_lookup_api_v1: 1.6.36+67f9824077
[15:41:14] [modloading-worker-0/INFO] - fabric_biome_api_v1: 13.0.13+dc36698e77
[15:41:14] [modloading-worker-0/INFO] - fabric_block_api_v1: 1.0.11+0e6cb7f777
[15:41:14] [modloading-worker-0/INFO] - fabric_block_view_api_v2: 1.0.1+0767707077
[15:41:14] [modloading-worker-0/INFO] - fabric_blockrenderlayer_v1: 1.1.41+1d0da21e77
[15:41:14] [modloading-worker-0/INFO] - fabric_client_tags_api_v1: 1.1.2+5d6761b877
[15:41:14] [modloading-worker-0/INFO] - fabric_command_api_v1: 1.2.34+f71b366f77
[15:41:14] [modloading-worker-0/INFO] - fabric_command_api_v2: 2.2.13+561530ec77
[15:41:14] [modloading-worker-0/INFO] - fabric_content_registries_v0: 4.0.11+a670df1e77
[15:41:14] [modloading-worker-0/INFO] - fabric_convention_tags_v1: 1.5.5+fa3d1c0177
[15:41:14] [modloading-worker-0/INFO] - fabric_data_attachment_api_v1: 1.0.0+30ef839e77
[15:41:14] [modloading-worker-0/INFO] - fabric_data_generation_api_v1: 12.3.4+369cb3a477
[15:41:14] [modloading-worker-0/INFO] - fabric_dimensions_v1: 2.1.54+8005d10d77
[15:41:14] [modloading-worker-0/INFO] - fabric_entity_events_v1: 1.6.0+6274ab9d77
[15:41:14] [modloading-worker-0/INFO] - fabric_events_interaction_v0: 0.6.2+0d0bd5a777
[15:41:14] [modloading-worker-0/INFO] - fabric_game_rule_api_v1: 1.0.40+683d4da877
[15:41:14] [modloading-worker-0/INFO] - fabric_item_api_v1: 2.1.28+4d0bbcfa77
[15:41:14] [modloading-worker-0/INFO] - fabric_item_group_api_v1: 4.0.12+c9161c2d77
[15:41:14] [modloading-worker-0/INFO] - fabric_key_binding_api_v1: 1.0.37+561530ec77
[15:41:14] [modloading-worker-0/INFO] - fabric_lifecycle_events_v1: 2.2.22+afab492177
[15:41:14] [modloading-worker-0/INFO] - fabric_loot_api_v2: 1.2.1+eb28f93e77
[15:41:14] [modloading-worker-0/INFO] - fabric_message_api_v1: 5.1.9+52cc178c77
[15:41:14] [modloading-worker-0/INFO] - fabric_mining_level_api_v1: 2.1.50+561530ec77
[15:41:14] [modloading-worker-0/INFO] - fabric_model_loading_api_v1: 1.0.3+6274ab9d77
[15:41:14] [modloading-worker-0/INFO] - fabric_models_v0: 0.4.2+7c3892a477
[15:41:14] [modloading-worker-0/INFO] - fabric_networking_api_v1: 1.3.11+503a202477
[15:41:14] [modloading-worker-0/INFO] - fabric_object_builder_api_v1: 11.1.3+2174fc8477
[15:41:14] [modloading-worker-0/INFO] - fabric_particles_v1: 1.1.2+78e1ecb877
[15:41:14] [modloading-worker-0/INFO] - fabric_recipe_api_v1: 1.0.21+514a076577
[15:41:14] [modloading-worker-0/INFO] - fabric_registry_sync_v0: 2.3.3+1c0ea72177
[15:41:14] [modloading-worker-0/INFO] - fabric_renderer_api_v1: 3.2.1+1d29b44577
[15:41:14] [modloading-worker-0/INFO] - fabric_renderer_indigo: 1.5.1+67f9824077
[15:41:14] [modloading-worker-0/INFO] - fabric_rendering_data_attachment_v1: 0.3.37+a6081afc77
[15:41:14] [modloading-worker-0/INFO] - fabric_rendering_fluids_v1: 3.0.28+4ac5e37a77
[15:41:14] [modloading-worker-0/INFO] - fabric_rendering_v1: 3.0.8+66e9a48f77
[15:41:14] [modloading-worker-0/INFO] - fabric_resource_conditions_api_v1: 2.3.8+9ad825cd77
[15:41:14] [modloading-worker-0/INFO] - fabric_resource_loader_v0: 0.11.10+bcd08ed377
[15:41:14] [modloading-worker-0/INFO] - fabric_screen_api_v1: 2.0.8+45a670a577
[15:41:14] [modloading-worker-0/INFO] - fabric_screen_handler_api_v1: 1.3.30+561530ec77
[15:41:14] [modloading-worker-0/INFO] - fabric_sound_api_v1: 1.0.13+4f23bd8477
[15:41:14] [modloading-worker-0/INFO] - fabric_transfer_api_v1: 3.3.5+631c9cd677
[15:41:14] [modloading-worker-0/INFO] - fabric_transitive_access_wideners_v1: 4.3.1+1880499877
[15:41:14] [modloading-worker-0/INFO] - ferritecore: 6.0.1
[15:41:14] [modloading-worker-0/INFO] - flightlib: 2.1.0
[15:41:14] [modloading-worker-0/INFO] - flywheel: 0.6.10-7
[15:41:14] [modloading-worker-0/INFO] - forge: 47.2.30
[15:41:14] [modloading-worker-0/INFO] - geckolib: 4.4.4
[15:41:14] [modloading-worker-0/INFO] - globalpacks: 1.16.2_forge
[15:41:14] [modloading-worker-0/INFO] - jade: 11.8.0
[15:41:14] [modloading-worker-0/INFO] - kotlinforforge: 4.10.0
[15:41:14] [modloading-worker-0/INFO] - memoryleakfix: 1.1.5
[15:41:14] [modloading-worker-0/INFO] - minecraft: 1.20.1
[15:41:14] [modloading-worker-0/INFO] - mixinextras: 0.3.5
[15:41:14] [modloading-worker-0/INFO] - mohist: 1.20.1
[15:41:14] [modloading-worker-0/INFO] - moonlight: 1.20-2.11.12
[15:41:14] [modloading-worker-0/INFO] - mr_no_creeperfireballdestroy: 1
[15:41:14] [modloading-worker-0/INFO] - nightconfigfixes: 8.0.0
[15:41:14] [modloading-worker-0/INFO] - nochatreports: 1.20.1-v2.2.2
[15:41:14] [modloading-worker-0/INFO] - pcf: 1.20-1.1.4
[15:41:14] [modloading-worker-0/INFO] - radium: 0.12.3+git.50c5c33
[15:41:14] [modloading-worker-0/INFO] - roughlyenoughitems: 12.1.712
[15:41:14] [modloading-worker-0/INFO] - rubidium: 0.7.1
[15:41:14] [modloading-worker-0/INFO] - saturn: 0.1.3
[15:41:14] [modloading-worker-0/INFO] - smoothboot: 0.0.4
[15:41:14] [modloading-worker-0/INFO] - sophisticatedcore: 0.6.18.597
[15:41:14] [modloading-worker-0/INFO] - soulfired: 3.2.1.0
[15:41:14] [modloading-worker-0/INFO] - starlight: 1.1.2+forge.1cda73c
[15:41:14] [modloading-worker-0/INFO] - tectonic: 2.3.4
[15:41:14] [modloading-worker-0/INFO] - terrablender: 3.0.1.4
[15:41:14] [modloading-worker-0/INFO] - torchhit: 6.0.2.0
[15:41:14] [modloading-worker-0/INFO] - twilightforest: 4.3.2145
[15:41:14] [modloading-worker-0/INFO] - valkyrienskies: 2.3.0-beta.5
[15:41:14] [modloading-worker-0/INFO] - vs_clockwork: 1.20.1-0.1.16-forge-b3b22e39fe
[15:41:14] [modloading-worker-0/INFO] - vs_eureka: 1.3.0-beta.4
[15:41:14] [modloading-worker-0/INFO] - xaerominimap: 24.1.1
[15:41:14] [modloading-worker-0/INFO] - xaeroworldmap: 1.38.4
[15:41:14] [modloading-worker-0/INFO] ========================================
[15:41:14] [modloading-worker-0/INFO] [REI] Registered plugin provider DefaultPluginImpl [roughlyenoughitems] for REIServerPlugin
[15:41:14] [modloading-worker-0/INFO] [REI] Registered plugin provider DefaultPluginImpl [roughlyenoughitems] for REIPlugin
[15:41:14] [modloading-worker-0/INFO] [REI] Registered plugin provider DefaultRuntimePlugin [roughlyenoughitems] for REIServerPlugin
[15:41:14] [modloading-worker-0/INFO] [REI] Registered plugin provider DefaultRuntimePlugin [roughlyenoughitems] for REIPlugin
[15:41:27] [Worker-Main-12/DEBUG] [REI] Processed 0 tags in 31.68 μs for minecraft:worldgen/structure
[15:41:27] [Worker-Main-2/DEBUG] [REI] Processed 17 tags in 514.8 μs for minecraft:fluid
[15:41:27] [Worker-Main-9/DEBUG] [REI] Processed 1 tags in 688.3 μs for minecraft:recipe_serializer
[15:41:27] [Worker-Main-4/DEBUG] [REI] Processed 16 tags in 739.1 μs for minecraft:banner_pattern
[15:41:27] [Worker-Main-2/DEBUG] [REI] Processed 0 tags in 6.079 μs for twilight:wood_palettes
[15:41:27] [Worker-Main-8/DEBUG] [REI] Processed 2 tags in 25.40 μs for minecraft:cat_variant
[15:41:27] [Worker-Main-12/DEBUG] [REI] Processed 0 tags in 3.913 μs for minecraft:worldgen/flat_level_generator_preset
[15:41:27] [Worker-Main-5/DEBUG] [REI] Processed 0 tags in 5.589 μs for minecraft:dimension_type
[15:41:27] [Worker-Main-1/DEBUG] [REI] Processed 0 tags in 6.235 μs for minecraft:worldgen/world_preset
[15:41:27] [Worker-Main-3/DEBUG] [REI] Processed 6 tags in 51.93 μs for minecraft:enchantment
[15:41:27] [Worker-Main-7/DEBUG] [REI] Processed 3 tags in 24.01 μs for minecraft:instrument
[15:41:27] [Worker-Main-8/DEBUG] [REI] Processed 3 tags in 54.29 μs for minecraft:point_of_interest_type
[15:41:27] [Worker-Main-6/DEBUG] [REI] Processed 5 tags in 138.4 μs for minecraft:game_event
[15:41:27] [Worker-Main-4/DEBUG] [REI] Processed 2 tags in 1.860 ms for minecraft:block_entity_type
[15:41:27] [Worker-Main-9/DEBUG] [REI] Processed 1 tags in 2.940 ms for minecraft:painting_variant
[15:41:27] [Worker-Main-5/DEBUG] [REI] Processed 0 tags in 17.30 μs for minecraft:damage_type
[15:41:27] [Worker-Main-10/DEBUG] [REI] Processed 35 tags in 515.5 μs for minecraft:entity_type
[15:41:27] [Worker-Main-15/DEBUG] [REI] Processed 0 tags in 598.7 μs for minecraft:worldgen/biome
[15:41:27] [Worker-Main-1/DEBUG] [REI] Processed 425 tags in 5.439 ms for minecraft:block
[15:41:27] [Worker-Main-14/DEBUG] [REI] Processed 521 tags in 5.319 ms for minecraft:item
[15:41:28] [main/DEBUG] [REI] ========================================
[15:41:28] [main/DEBUG] [REI] REIPlugin starting pre-reload for START.
[15:41:28] [main/DEBUG] [REI] Reloadables (7):
[15:41:28] [main/DEBUG] [REI]  - EntryTypeRegistryImpl
[15:41:28] [main/DEBUG] [REI]  - EntrySettingsAdapterRegistryImpl
[15:41:28] [main/DEBUG] [REI]  - RecipeManagerContextImpl
[15:41:28] [main/DEBUG] [REI]  - ItemComparatorRegistryImpl
[15:41:28] [main/DEBUG] [REI]  - FluidComparatorRegistryImpl
[15:41:28] [main/DEBUG] [REI]  - DisplaySerializerRegistryImpl
[15:41:28] [main/DEBUG] [REI]  - FluidSupportProviderImpl
[15:41:28] [main/DEBUG] [REI] Plugins (2):
[15:41:28] [main/DEBUG] [REI]  - (-100.00) DefaultPluginImpl of DefaultPluginImpl [roughlyenoughitems]
[15:41:28] [main/DEBUG] [REI]  - (0.00) DefaultRuntimePlugin of DefaultRuntimePlugin [roughlyenoughitems]
[15:41:28] [main/DEBUG] [REI] ========================================
[15:41:28] [main/TRACE] [REI] [REIPlugin START] Reloading Section: "pre-register/"
[15:41:28] [main/TRACE] [REI] [REIPlugin START] Reloading Section: "pre-register/DefaultPluginImpl of DefaultPluginImpl [roughlyenoughitems]/"
[15:41:28] [main/TRACE] [REI] [REIPlugin START] Reloading Section: "pre-register/DefaultPluginImpl of DefaultPluginImpl [roughlyenoughitems]/" done in 761.4 μs
[15:41:28] [main/TRACE] [REI] [REIPlugin START] Reloading Section: "pre-register/DefaultRuntimePlugin of DefaultRuntimePlugin [roughlyenoughitems]/"
[15:41:28] [main/TRACE] [REI] [REIPlugin START] Reloading Section: "pre-register/DefaultRuntimePlugin of DefaultRuntimePlugin [roughlyenoughitems]/" done in 11.25 μs
[15:41:28] [main/TRACE] [REI] [REIPlugin START] Reloading Section: "pre-register/" done in 7.765 ms
[15:41:28] [main/TRACE] [REI] [REIPlugin START] Reloading Section: "pre-stage/"
[15:41:28] [main/TRACE] [REI] [REIPlugin START] Reloading Section: "pre-stage/EntryTypeRegistryImpl/"
[15:41:28] [main/TRACE] [REI] [REIPlugin START] Reloading Section: "pre-stage/EntryTypeRegistryImpl/" done in 118.8 μs
[15:41:28] [main/TRACE] [REI] [REIPlugin START] Reloading Section: "pre-stage/EntrySettingsAdapterRegistryImpl/"
[15:41:28] [main/TRACE] [REI] [REIPlugin START] Reloading Section: "pre-stage/EntrySettingsAdapterRegistryImpl/" done in 5.882 μs
[15:41:28] [main/TRACE] [REI] [REIPlugin START] Reloading Section: "pre-stage/RecipeManagerContextImpl/"
[15:41:28] [main/TRACE] [REI] [REIPlugin START] Reloading Section: "pre-stage/RecipeManagerContextImpl/" done in 4.765 μs
[15:41:28] [main/TRACE] [REI] [REIPlugin START] Reloading Section: "pre-stage/ItemComparatorRegistryImpl/"
[15:41:28] [main/TRACE] [REI] [REIPlugin START] Reloading Section: "pre-stage/ItemComparatorRegistryImpl/" done in 4.489 μs
[15:41:28] [main/TRACE] [REI] [REIPlugin START] Reloading Section: "pre-stage/FluidComparatorRegistryImpl/"
[15:41:28] [main/TRACE] [REI] [REIPlugin START] Reloading Section: "pre-stage/FluidComparatorRegistryImpl/" done in 4.601 μs
[15:41:28] [main/TRACE] [REI] [REIPlugin START] Reloading Section: "pre-stage/DisplaySerializerRegistryImpl/"
[15:41:28] [main/TRACE] [REI] [REIPlugin START] Reloading Section: "pre-stage/DisplaySerializerRegistryImpl/" done in 5.707 μs
[15:41:28] [main/TRACE] [REI] [REIPlugin START] Reloading Section: "pre-stage/FluidSupportProviderImpl/"
[15:41:28] [main/TRACE] [REI] [REIPlugin START] Reloading Section: "pre-stage/FluidSupportProviderImpl/" done in 4.618 μs
[15:41:28] [main/TRACE] [REI] [REIPlugin START] Reloading Section: "pre-stage/" done in 986.2 μs
[15:41:28] [main/DEBUG] [REI] ========================================
[15:41:28] [main/DEBUG] [REI] REIPlugin finished pre-reload for START in 11.69 ms.
[15:41:28] [main/DEBUG] [REI] ========================================
[15:41:28] [main/DEBUG] [REI] ========================================
[15:41:28] [main/DEBUG] [REI] REIServerPlugin starting pre-reload for START.
[15:41:28] [main/DEBUG] [REI] Reloadables (2):
[15:41:28] [main/DEBUG] [REI]  - MenuInfoRegistryImpl
[15:41:28] [main/DEBUG] [REI]  - SlotAccessorRegistryImpl
[15:41:28] [main/DEBUG] [REI] Plugins (2):
[15:41:28] [main/DEBUG] [REI]  - (-100.00) DefaultPluginImpl of DefaultPluginImpl [roughlyenoughitems]
[15:41:28] [main/DEBUG] [REI]  - (0.00) DefaultRuntimePlugin of DefaultRuntimePlugin [roughlyenoughitems]
[15:41:28] [main/DEBUG] [REI] ========================================
[15:41:28] [main/TRACE] [REI] [REIServerPlugin START] Reloading Section: "pre-register/"
[15:41:28] [main/TRACE] [REI] [REIServerPlugin START] Reloading Section: "pre-register/DefaultPluginImpl of DefaultPluginImpl [roughlyenoughitems]/"
[15:41:28] [main/TRACE] [REI] [REIServerPlugin START] Reloading Section: "pre-register/DefaultPluginImpl of DefaultPluginImpl [roughlyenoughitems]/" done in 12.77 μs
[15:41:28] [main/TRACE] [REI] [REIServerPlugin START] Reloading Section: "pre-register/DefaultRuntimePlugin of DefaultRuntimePlugin [roughlyenoughitems]/"
[15:41:28] [main/TRACE] [REI] [REIServerPlugin START] Reloading Section: "pre-register/DefaultRuntimePlugin of DefaultRuntimePlugin [roughlyenoughitems]/" done in 7.362 μs
[15:41:28] [main/TRACE] [REI] [REIServerPlugin START] Reloading Section: "pre-register/" done in 225.7 μs
[15:41:28] [main/TRACE] [REI] [REIServerPlugin START] Reloading Section: "pre-stage/"
[15:41:28] [main/TRACE] [REI] [REIServerPlugin START] Reloading Section: "pre-stage/MenuInfoRegistryImpl/"
[15:41:28] [main/TRACE] [REI] [REIServerPlugin START] Reloading Section: "pre-stage/MenuInfoRegistryImpl/" done in 5.858 μs
[15:41:28] [main/TRACE] [REI] [REIServerPlugin START] Reloading Section: "pre-stage/SlotAccessorRegistryImpl/"
[15:41:28] [main/TRACE] [REI] [REIServerPlugin START] Reloading Section: "pre-stage/SlotAccessorRegistryImpl/" done in 4.654 μs
[15:41:28] [main/TRACE] [REI] [REIServerPlugin START] Reloading Section: "pre-stage/" done in 223.3 μs
[15:41:28] [main/DEBUG] [REI] ========================================
[15:41:28] [main/DEBUG] [REI] REIServerPlugin finished pre-reload for START in 668.1 μs.
[15:41:28] [main/DEBUG] [REI] ========================================
[15:41:28] [main/INFO] [REI] ########################################
[15:41:28] [main/INFO] [REI] REIPlugin starting main-reload for START.
[15:41:28] [main/DEBUG] [REI] Reloadables (7):
[15:41:28] [main/DEBUG] [REI]  - EntryTypeRegistryImpl
[15:41:28] [main/DEBUG] [REI]  - EntrySettingsAdapterRegistryImpl
[15:41:28] [main/DEBUG] [REI]  - RecipeManagerContextImpl
[15:41:28] [main/DEBUG] [REI]  - ItemComparatorRegistryImpl
[15:41:28] [main/DEBUG] [REI]  - FluidComparatorRegistryImpl
[15:41:28] [main/DEBUG] [REI]  - DisplaySerializerRegistryImpl
[15:41:28] [main/DEBUG] [REI]  - FluidSupportProviderImpl
[15:41:28] [main/INFO] [REI] Plugins (2):
[15:41:28] [main/INFO] [REI]  - (-100.00) DefaultPluginImpl of DefaultPluginImpl [roughlyenoughitems]
[15:41:28] [main/INFO] [REI]  - (0.00) DefaultRuntimePlugin of DefaultRuntimePlugin [roughlyenoughitems]
[15:41:28] [main/INFO] [REI] ########################################
[15:41:28] [main/TRACE] [REI] [REIPlugin START] Reloading Section: "start-reload/"
[15:41:28] [main/TRACE] [REI] [REIPlugin START] Reloading Section: "start-reload/EntryTypeRegistryImpl/"
[15:41:28] [main/TRACE] [REI] [REIPlugin START] Reloading Section: "start-reload/EntryTypeRegistryImpl/" done in 34.55 μs
[15:41:28] [main/TRACE] [REI] [REIPlugin START] Reloading Section: "start-reload/EntrySettingsAdapterRegistryImpl/"
[15:41:28] [main/TRACE] [REI] [REIPlugin START] Reloading Section: "start-reload/EntrySettingsAdapterRegistryImpl/" done in 7.327 μs
[15:41:28] [main/TRACE] [REI] [REIPlugin START] Reloading Section: "start-reload/RecipeManagerContextImpl/"
[15:41:28] [main/TRACE] [REI] [REIPlugin START] Reloading Section: "start-reload/RecipeManagerContextImpl/" done in 4.588 μs
[15:41:28] [main/TRACE] [REI] [REIPlugin START] Reloading Section: "start-reload/ItemComparatorRegistryImpl/"
[15:41:28] [main/TRACE] [REI] [REIPlugin START] Reloading Section: "start-reload/ItemComparatorRegistryImpl/" done in 29.10 μs
[15:41:28] [main/TRACE] [REI] [REIPlugin START] Reloading Section: "start-reload/FluidComparatorRegistryImpl/"
[15:41:28] [main/TRACE] [REI] [REIPlugin START] Reloading Section: "start-reload/FluidComparatorRegistryImpl/" done in 18.73 μs
[15:41:28] [main/TRACE] [REI] [REIPlugin START] Reloading Section: "start-reload/DisplaySerializerRegistryImpl/"
[15:41:28] [main/TRACE] [REI] [REIPlugin START] Reloading Section: "start-reload/DisplaySerializerRegistryImpl/" done in 20.76 μs
[15:41:28] [main/TRACE] [REI] [REIPlugin START] Reloading Section: "start-reload/FluidSupportProviderImpl/"
[15:41:28] [main/TRACE] [REI] [REIPlugin START] Reloading Section: "start-reload/FluidSupportProviderImpl/" done in 25.32 μs
[15:41:28] [main/TRACE] [REI] [REIPlugin START] Reloading Section: "start-reload/" done in 1.135 ms
[15:41:28] [main/DEBUG] [REI] ========================================
[15:41:28] [main/DEBUG] [REI] REIPlugin started main-reload for START.
[15:41:28] [main/DEBUG] [REI] ========================================
[15:41:28] [main/TRACE] [REI] [REIPlugin START] Reloading Section: "reloadable-plugin/EntryTypeRegistryImpl/"
[15:41:28] [main/TRACE] [REI] [REIPlugin START] Reloading Section: "reloadable-plugin/EntryTypeRegistryImpl/DefaultPluginImpl of DefaultPluginImpl [roughlyenoughitems]/"
[15:41:28] [main/TRACE] [REI] [REIPlugin START] Reloading Section: "reloadable-plugin/EntryTypeRegistryImpl/DefaultPluginImpl of DefaultPluginImpl [roughlyenoughitems]/" done in 198.7 μs
[15:41:28] [main/TRACE] [REI] [REIPlugin START] Reloading Section: "reloadable-plugin/EntryTypeRegistryImpl/DefaultRuntimePlugin of DefaultRuntimePlugin [roughlyenoughitems]/"
[15:41:28] [main/TRACE] [REI] [REIPlugin START] Reloading Section: "reloadable-plugin/EntryTypeRegistryImpl/DefaultRuntimePlugin of DefaultRuntimePlugin [roughlyenoughitems]/" done in 8.679 ms
[15:41:28] [main/TRACE] [REI] [REIPlugin START] Reloading Section: "reloadable-plugin/EntryTypeRegistryImpl/" done in 9.885 ms
[15:41:28] [main/TRACE] [REI] [REIPlugin START] Reloading Section: "reloadable-plugin/EntrySettingsAdapterRegistryImpl/"
[15:41:28] [main/TRACE] [REI] [REIPlugin START] Reloading Section: "reloadable-plugin/EntrySettingsAdapterRegistryImpl/DefaultPluginImpl of DefaultPluginImpl [roughlyenoughitems]/"
[15:41:28] [main/TRACE] [REI] [REIPlugin START] Reloading Section: "reloadable-plugin/EntrySettingsAdapterRegistryImpl/DefaultPluginImpl of DefaultPluginImpl [roughlyenoughitems]/" done in 19.57 μs
[15:41:28] [main/TRACE] [REI] [REIPlugin START] Reloading Section: "reloadable-plugin/EntrySettingsAdapterRegistryImpl/DefaultRuntimePlugin of DefaultRuntimePlugin [roughlyenoughitems]/"
[15:41:28] [main/TRACE] [REI] [REIPlugin START] Reloading Section: "reloadable-plugin/EntrySettingsAdapterRegistryImpl/DefaultRuntimePlugin of DefaultRuntimePlugin [roughlyenoughitems]/" done in 12.94 μs
[15:41:28] [main/TRACE] [REI] [REIPlugin START] Reloading Section: "reloadable-plugin/EntrySettingsAdapterRegistryImpl/" done in 442.8 μs
[15:41:28] [main/TRACE] [REI] [REIPlugin START] Reloading Section: "reloadable-plugin/RecipeManagerContextImpl/"
[15:41:28] [main/TRACE] [REI] [REIPlugin START] Reloading Section: "reloadable-plugin/RecipeManagerContextImpl/DefaultPluginImpl of DefaultPluginImpl [roughlyenoughitems]/"
[15:41:28] [main/TRACE] [REI] [REIPlugin START] Reloading Section: "reloadable-plugin/RecipeManagerContextImpl/DefaultPluginImpl of DefaultPluginImpl [roughlyenoughitems]/" done in 10.44 μs
[15:41:28] [main/TRACE] [REI] [REIPlugin START] Reloading Section: "reloadable-plugin/RecipeManagerContextImpl/DefaultRuntimePlugin of DefaultRuntimePlugin [roughlyenoughitems]/"
[15:41:28] [main/TRACE] [REI] [REIPlugin START] Reloading Section: "reloadable-plugin/RecipeManagerContextImpl/DefaultRuntimePlugin of DefaultRuntimePlugin [roughlyenoughitems]/" done in 10.86 μs
[15:41:28] [main/TRACE] [REI] [REIPlugin START] Reloading Section: "reloadable-plugin/RecipeManagerContextImpl/" done in 276.0 μs
[15:41:28] [main/TRACE] [REI] [REIPlugin START] Reloading Section: "reloadable-plugin/ItemComparatorRegistryImpl/"
[15:41:28] [main/TRACE] [REI] [REIPlugin START] Reloading Section: "reloadable-plugin/ItemComparatorRegistryImpl/DefaultPluginImpl of DefaultPluginImpl [roughlyenoughitems]/"
[15:41:28] [main/TRACE] [REI] [REIPlugin START] Reloading Section: "reloadable-plugin/ItemComparatorRegistryImpl/DefaultPluginImpl of DefaultPluginImpl [roughlyenoughitems]/" done in 934.9 μs
[15:41:28] [main/TRACE] [REI] [REIPlugin START] Reloading Section: "reloadable-plugin/ItemComparatorRegistryImpl/DefaultRuntimePlugin of DefaultRuntimePlugin [roughlyenoughitems]/"
[15:41:28] [main/TRACE] [REI] [REIPlugin START] Reloading Section: "reloadable-plugin/ItemComparatorRegistryImpl/DefaultRuntimePlugin of DefaultRuntimePlugin [roughlyenoughitems]/" done in 14.41 μs
[15:41:28] [main/TRACE] [REI] [REIPlugin START] Reloading Section: "reloadable-plugin/ItemComparatorRegistryImpl/" done in 1.331 ms
[15:41:28] [main/TRACE] [REI] [REIPlugin START] Reloading Section: "reloadable-plugin/FluidComparatorRegistryImpl/"
[15:41:28] [main/TRACE] [REI] [REIPlugin START] Reloading Section: "reloadable-plugin/FluidComparatorRegistryImpl/DefaultPluginImpl of DefaultPluginImpl [roughlyenoughitems]/"
[15:41:28] [main/TRACE] [REI] [REIPlugin START] Reloading Section: "reloadable-plugin/FluidComparatorRegistryImpl/DefaultPluginImpl of DefaultPluginImpl [roughlyenoughitems]/" done in 19.82 μs
[15:41:28] [main/TRACE] [REI] [REIPlugin START] Reloading Section: "reloadable-plugin/FluidComparatorRegistryImpl/DefaultRuntimePlugin of DefaultRuntimePlugin [roughlyenoughitems]/"
[15:41:28] [main/TRACE] [REI] [REIPlugin START] Reloading Section: "reloadable-plugin/FluidComparatorRegistryImpl/DefaultRuntimePlugin of DefaultRuntimePlugin [roughlyenoughitems]/" done in 12.66 μs
[15:41:28] [main/TRACE] [REI] [REIPlugin START] Reloading Section: "reloadable-plugin/FluidComparatorRegistryImpl/" done in 372.7 μs
[15:41:28] [main/TRACE] [REI] [REIPlugin START] Reloading Section: "reloadable-plugin/DisplaySerializerRegistryImpl/"
[15:41:28] [main/TRACE] [REI] [REIPlugin START] Reloading Section: "reloadable-plugin/DisplaySerializerRegistryImpl/DefaultPluginImpl of DefaultPluginImpl [roughlyenoughitems]/"
[15:41:28] [main/TRACE] [REI] [REIPlugin START] Reloading Section: "reloadable-plugin/DisplaySerializerRegistryImpl/DefaultPluginImpl of DefaultPluginImpl [roughlyenoughitems]/" done in 15.46 μs
[15:41:28] [main/TRACE] [REI] [REIPlugin START] Reloading Section: "reloadable-plugin/DisplaySerializerRegistryImpl/DefaultRuntimePlugin of DefaultRuntimePlugin [roughlyenoughitems]/"
[15:41:28] [main/TRACE] [REI] [REIPlugin START] Reloading Section: "reloadable-plugin/DisplaySerializerRegistryImpl/DefaultRuntimePlugin of DefaultRuntimePlugin [roughlyenoughitems]/" done in 11.58 μs
[15:41:28] [main/TRACE] [REI] [REIPlugin START] Reloading Section: "reloadable-plugin/DisplaySerializerRegistryImpl/" done in 449.2 μs
[15:41:28] [main/TRACE] [REI] [REIPlugin START] Reloading Section: "reloadable-plugin/FluidSupportProviderImpl/"
[15:41:28] [main/TRACE] [REI] [REIPlugin START] Reloading Section: "reloadable-plugin/FluidSupportProviderImpl/DefaultPluginImpl of DefaultPluginImpl [roughlyenoughitems]/"
[15:41:28] [main/TRACE] [REI] [REIPlugin START] Reloading Section: "reloadable-plugin/FluidSupportProviderImpl/DefaultPluginImpl of DefaultPluginImpl [roughlyenoughitems]/" done in 1.023 ms
[15:41:28] [main/TRACE] [REI] [REIPlugin START] Reloading Section: "reloadable-plugin/FluidSupportProviderImpl/DefaultRuntimePlugin of DefaultRuntimePlugin [roughlyenoughitems]/"
[15:41:28] [main/TRACE] [REI] [REIPlugin START] Reloading Section: "reloadable-plugin/FluidSupportProviderImpl/DefaultRuntimePlugin of DefaultRuntimePlugin [roughlyenoughitems]/" done in 17.48 μs
[15:41:28] [main/TRACE] [REI] [REIPlugin START] Reloading Section: "reloadable-plugin/FluidSupportProviderImpl/" done in 1.487 ms
[15:41:28] [main/DEBUG] [REI] ========================================
[15:41:28] [main/DEBUG] [REI] REIPlugin ending main-reload for START.
[15:41:28] [main/DEBUG] [REI] ========================================
[15:41:28] [main/TRACE] [REI] [REIPlugin START] Reloading Section: "end-reload/"
[15:41:28] [main/TRACE] [REI] [REIPlugin START] Reloading Section: "end-reload/EntryTypeRegistryImpl/"
[15:41:28] [main/TRACE] [REI] [REIPlugin START] Reloading Section: "end-reload/EntryTypeRegistryImpl/" done in 19.02 μs
[15:41:28] [main/TRACE] [REI] [REIPlugin START] Reloading Section: "end-reload/EntrySettingsAdapterRegistryImpl/"
[15:41:28] [main/TRACE] [REI] [REIPlugin START] Reloading Section: "end-reload/EntrySettingsAdapterRegistryImpl/" done in 7.207 μs
[15:41:28] [main/TRACE] [REI] [REIPlugin START] Reloading Section: "end-reload/RecipeManagerContextImpl/"
[15:41:28] [main/TRACE] [REI] [REIPlugin START] Reloading Section: "end-reload/RecipeManagerContextImpl/" done in 6.779 μs
[15:41:28] [main/TRACE] [REI] [REIPlugin START] Reloading Section: "end-reload/ItemComparatorRegistryImpl/"
[15:41:28] [main/TRACE] [REI] [REIPlugin START] Reloading Section: "end-reload/ItemComparatorRegistryImpl/" done in 6.544 μs
[15:41:28] [main/TRACE] [REI] [REIPlugin START] Reloading Section: "end-reload/FluidComparatorRegistryImpl/"
[15:41:28] [main/TRACE] [REI] [REIPlugin START] Reloading Section: "end-reload/FluidComparatorRegistryImpl/" done in 5.845 μs
[15:41:28] [main/TRACE] [REI] [REIPlugin START] Reloading Section: "end-reload/DisplaySerializerRegistryImpl/"
[15:41:28] [main/TRACE] [REI] [REIPlugin START] Reloading Section: "end-reload/DisplaySerializerRegistryImpl/" done in 5.347 μs
[15:41:28] [main/TRACE] [REI] [REIPlugin START] Reloading Section: "end-reload/FluidSupportProviderImpl/"
[15:41:28] [main/TRACE] [REI] [REIPlugin START] Reloading Section: "end-reload/FluidSupportProviderImpl/" done in 6.753 μs
[15:41:28] [main/TRACE] [REI] [REIPlugin START] Reloading Section: "end-reload/" done in 952.4 μs
[15:41:28] [main/DEBUG] [REI] ========================================
[15:41:28] [main/DEBUG] [REI] REIPlugin ended main-reload for START in 20.59 ms.
[15:41:28] [main/DEBUG] [REI] ========================================
[15:41:28] [main/INFO] [REI] OOOOOOOOOOOOOOOOOOOOOOOOOOOOOOOOOOOOOOOO
[15:41:28] [main/INFO] [REI] REIServerPlugin starting main-reload for START.
[15:41:28] [main/DEBUG] [REI] Reloadables (2):
[15:41:28] [main/DEBUG] [REI]  - MenuInfoRegistryImpl
[15:41:28] [main/DEBUG] [REI]  - SlotAccessorRegistryImpl
[15:41:28] [main/INFO] [REI] Plugins (2):
[15:41:28] [main/INFO] [REI]  - (-100.00) DefaultPluginImpl of DefaultPluginImpl [roughlyenoughitems]
[15:41:28] [main/INFO] [REI]  - (0.00) DefaultRuntimePlugin of DefaultRuntimePlugin [roughlyenoughitems]
[15:41:28] [main/INFO] [REI] OOOOOOOOOOOOOOOOOOOOOOOOOOOOOOOOOOOOOOOO
[15:41:28] [main/TRACE] [REI] [REIServerPlugin START] Reloading Section: "start-reload/"
[15:41:28] [main/TRACE] [REI] [REIServerPlugin START] Reloading Section: "start-reload/MenuInfoRegistryImpl/"
[15:41:28] [main/TRACE] [REI] [REIServerPlugin START] Reloading Section: "start-reload/MenuInfoRegistryImpl/" done in 13.25 μs
[15:41:28] [main/TRACE] [REI] [REIServerPlugin START] Reloading Section: "start-reload/SlotAccessorRegistryImpl/"
[15:41:28] [main/TRACE] [REI] [REIServerPlugin START] Reloading Section: "start-reload/SlotAccessorRegistryImpl/" done in 25.69 μs
[15:41:28] [main/TRACE] [REI] [REIServerPlugin START] Reloading Section: "start-reload/" done in 307.2 μs
[15:41:28] [main/DEBUG] [REI] ========================================
[15:41:28] [main/DEBUG] [REI] REIServerPlugin started main-reload for START.
[15:41:28] [main/DEBUG] [REI] ========================================
[15:41:28] [main/TRACE] [REI] [REIServerPlugin START] Reloading Section: "reloadable-plugin/MenuInfoRegistryImpl/"
[15:41:28] [main/TRACE] [REI] [REIServerPlugin START] Reloading Section: "reloadable-plugin/MenuInfoRegistryImpl/DefaultPluginImpl of DefaultPluginImpl [roughlyenoughitems]/"
[15:41:28] [main/TRACE] [REI] [REIServerPlugin START] Reloading Section: "reloadable-plugin/MenuInfoRegistryImpl/DefaultPluginImpl of DefaultPluginImpl [roughlyenoughitems]/" done in 17.74 μs
[15:41:28] [main/TRACE] [REI] [REIServerPlugin START] Reloading Section: "reloadable-plugin/MenuInfoRegistryImpl/DefaultRuntimePlugin of DefaultRuntimePlugin [roughlyenoughitems]/"
[15:41:28] [main/TRACE] [REI] [REIServerPlugin START] Reloading Section: "reloadable-plugin/MenuInfoRegistryImpl/DefaultRuntimePlugin of DefaultRuntimePlugin [roughlyenoughitems]/" done in 12.60 μs
[15:41:28] [main/TRACE] [REI] [REIServerPlugin START] Reloading Section: "reloadable-plugin/MenuInfoRegistryImpl/" done in 312.9 μs
[15:41:28] [main/TRACE] [REI] [REIServerPlugin START] Reloading Section: "reloadable-plugin/SlotAccessorRegistryImpl/"
[15:41:28] [main/TRACE] [REI] [REIServerPlugin START] Reloading Section: "reloadable-plugin/SlotAccessorRegistryImpl/DefaultPluginImpl of DefaultPluginImpl [roughlyenoughitems]/"
[15:41:28] [main/TRACE] [REI] [REIServerPlugin START] Reloading Section: "reloadable-plugin/SlotAccessorRegistryImpl/DefaultPluginImpl of DefaultPluginImpl [roughlyenoughitems]/" done in 10.23 μs
[15:41:28] [main/TRACE] [REI] [REIServerPlugin START] Reloading Section: "reloadable-plugin/SlotAccessorRegistryImpl/DefaultRuntimePlugin of DefaultRuntimePlugin [roughlyenoughitems]/"
[15:41:28] [main/TRACE] [REI] [REIServerPlugin START] Reloading Section: "reloadable-plugin/SlotAccessorRegistryImpl/DefaultRuntimePlugin of DefaultRuntimePlugin [roughlyenoughitems]/" done in 6.442 μs
[15:41:28] [main/TRACE] [REI] [REIServerPlugin START] Reloading Section: "reloadable-plugin/SlotAccessorRegistryImpl/" done in 282.0 μs
[15:41:28] [main/DEBUG] [REI] ========================================
[15:41:28] [main/DEBUG] [REI] REIServerPlugin ending main-reload for START.
[15:41:28] [main/DEBUG] [REI] ========================================
[15:41:28] [main/TRACE] [REI] [REIServerPlugin START] Reloading Section: "end-reload/"
[15:41:28] [main/TRACE] [REI] [REIServerPlugin START] Reloading Section: "end-reload/MenuInfoRegistryImpl/"
[15:41:28] [main/TRACE] [REI] [REIServerPlugin START] Reloading Section: "end-reload/MenuInfoRegistryImpl/" done in 8.662 μs
[15:41:28] [main/TRACE] [REI] [REIServerPlugin START] Reloading Section: "end-reload/SlotAccessorRegistryImpl/"
[15:41:28] [main/TRACE] [REI] [REIServerPlugin START] Reloading Section: "end-reload/SlotAccessorRegistryImpl/" done in 17.58 μs
[15:41:28] [main/TRACE] [REI] [REIServerPlugin START] Reloading Section: "end-reload/" done in 353.2 μs
[15:41:28] [main/DEBUG] [REI] ========================================
[15:41:28] [main/DEBUG] [REI] REIServerPlugin ended main-reload for START in 3.218 ms.
[15:41:28] [main/DEBUG] [REI] ========================================
[15:41:28] [main/DEBUG] [REI] ========================================
[15:41:28] [main/DEBUG] [REI] REIPlugin starting post-reload for START.
[15:41:28] [main/DEBUG] [REI] Reloadables (7):
[15:41:28] [main/DEBUG] [REI]  - EntryTypeRegistryImpl
[15:41:28] [main/DEBUG] [REI]  - EntrySettingsAdapterRegistryImpl
[15:41:28] [main/DEBUG] [REI]  - RecipeManagerContextImpl
[15:41:28] [main/DEBUG] [REI]  - ItemComparatorRegistryImpl
[15:41:28] [main/DEBUG] [REI]  - FluidComparatorRegistryImpl
[15:41:28] [main/DEBUG] [REI]  - DisplaySerializerRegistryImpl
[15:41:28] [main/DEBUG] [REI]  - FluidSupportProviderImpl
[15:41:28] [main/DEBUG] [REI] Plugins (2):
[15:41:28] [main/DEBUG] [REI]  - (-100.00) DefaultPluginImpl of DefaultPluginImpl [roughlyenoughitems]
[15:41:28] [main/DEBUG] [REI]  - (0.00) DefaultRuntimePlugin of DefaultRuntimePlugin [roughlyenoughitems]
[15:41:28] [main/DEBUG] [REI] ========================================
[15:41:28] [main/TRACE] [REI] [REIPlugin START] Reloading Section: "post-register/"
[15:41:28] [main/TRACE] [REI] [REIPlugin START] Reloading Section: "post-register/DefaultPluginImpl of DefaultPluginImpl [roughlyenoughitems]/"
[15:41:28] [main/TRACE] [REI] [REIPlugin START] Reloading Section: "post-register/DefaultPluginImpl of DefaultPluginImpl [roughlyenoughitems]/" done in 110.0 μs
[15:41:28] [main/TRACE] [REI] [REIPlugin START] Reloading Section: "post-register/DefaultRuntimePlugin of DefaultRuntimePlugin [roughlyenoughitems]/"
[15:41:28] [main/TRACE] [REI] [REIPlugin START] Reloading Section: "post-register/DefaultRuntimePlugin of DefaultRuntimePlugin [roughlyenoughitems]/" done in 8.735 μs
[15:41:28] [main/TRACE] [REI] [REIPlugin START] Reloading Section: "post-register/" done in 547.5 μs
[15:41:28] [main/TRACE] [REI] [REIPlugin START] Reloading Section: "post-stage/"
[15:41:28] [main/TRACE] [REI] [REIPlugin START] Reloading Section: "post-stage/EntryTypeRegistryImpl/"
[15:41:28] [main/TRACE] [REI] [REIPlugin START] Reloading Section: "post-stage/EntryTypeRegistryImpl/" done in 8.729 μs
[15:41:28] [main/TRACE] [REI] [REIPlugin START] Reloading Section: "post-stage/EntrySettingsAdapterRegistryImpl/"
[15:41:28] [main/TRACE] [REI] [REIPlugin START] Reloading Section: "post-stage/EntrySettingsAdapterRegistryImpl/" done in 3.291 μs
[15:41:28] [main/TRACE] [REI] [REIPlugin START] Reloading Section: "post-stage/RecipeManagerContextImpl/"
[15:41:28] [main/TRACE] [REI] [REIPlugin START] Reloading Section: "post-stage/RecipeManagerContextImpl/" done in 3.118 μs
[15:41:28] [main/TRACE] [REI] [REIPlugin START] Reloading Section: "post-stage/ItemComparatorRegistryImpl/"
[15:41:28] [main/TRACE] [REI] [REIPlugin START] Reloading Section: "post-stage/ItemComparatorRegistryImpl/" done in 2.728 μs
[15:41:28] [main/TRACE] [REI] [REIPlugin START] Reloading Section: "post-stage/FluidComparatorRegistryImpl/"
[15:41:28] [main/TRACE] [REI] [REIPlugin START] Reloading Section: "post-stage/FluidComparatorRegistryImpl/" done in 7.815 μs
[15:41:28] [main/TRACE] [REI] [REIPlugin START] Reloading Section: "post-stage/DisplaySerializerRegistryImpl/"
[15:41:28] [main/TRACE] [REI] [REIPlugin START] Reloading Section: "post-stage/DisplaySerializerRegistryImpl/" done in 6.600 μs
[15:41:28] [main/TRACE] [REI] [REIPlugin START] Reloading Section: "post-stage/FluidSupportProviderImpl/"
[15:41:28] [main/TRACE] [REI] [REIPlugin START] Reloading Section: "post-stage/FluidSupportProviderImpl/" done in 5.517 μs
[15:41:28] [main/TRACE] [REI] [REIPlugin START] Reloading Section: "post-stage/" done in 1.001 ms
[15:41:28] [main/DEBUG] [REI] ========================================
[15:41:28] [main/INFO] [REI] REIPlugin finished post-reload for START in 1.724 ms, totaling 33.94 ms.
[15:41:28] [main/DEBUG] [REI] ========================================
[15:41:28] [main/DEBUG] [REI] ========================================
[15:41:28] [main/DEBUG] [REI] REIServerPlugin starting post-reload for START.
[15:41:28] [main/DEBUG] [REI] Reloadables (2):
[15:41:28] [main/DEBUG] [REI]  - MenuInfoRegistryImpl
[15:41:28] [main/DEBUG] [REI]  - SlotAccessorRegistryImpl
[15:41:28] [main/DEBUG] [REI] Plugins (2):
[15:41:28] [main/DEBUG] [REI]  - (-100.00) DefaultPluginImpl of DefaultPluginImpl [roughlyenoughitems]
[15:41:28] [main/DEBUG] [REI]  - (0.00) DefaultRuntimePlugin of DefaultRuntimePlugin [roughlyenoughitems]
[15:41:28] [main/DEBUG] [REI] ========================================
[15:41:28] [main/TRACE] [REI] [REIServerPlugin START] Reloading Section: "post-register/"
[15:41:28] [main/TRACE] [REI] [REIServerPlugin START] Reloading Section: "post-register/DefaultPluginImpl of DefaultPluginImpl [roughlyenoughitems]/"
[15:41:28] [main/TRACE] [REI] [REIServerPlugin START] Reloading Section: "post-register/DefaultPluginImpl of DefaultPluginImpl [roughlyenoughitems]/" done in 9.177 μs
[15:41:28] [main/TRACE] [REI] [REIServerPlugin START] Reloading Section: "post-register/DefaultRuntimePlugin of DefaultRuntimePlugin [roughlyenoughitems]/"
[15:41:28] [main/TRACE] [REI] [REIServerPlugin START] Reloading Section: "post-register/DefaultRuntimePlugin of DefaultRuntimePlugin [roughlyenoughitems]/" done in 4.081 μs
[15:41:28] [main/TRACE] [REI] [REIServerPlugin START] Reloading Section: "post-register/" done in 163.0 μs
[15:41:28] [main/TRACE] [REI] [REIServerPlugin START] Reloading Section: "post-stage/"
[15:41:28] [main/TRACE] [REI] [REIServerPlugin START] Reloading Section: "post-stage/MenuInfoRegistryImpl/"
[15:41:28] [main/TRACE] [REI] [REIServerPlugin START] Reloading Section: "post-stage/MenuInfoRegistryImpl/" done in 4.910 μs
[15:41:28] [main/TRACE] [REI] [REIServerPlugin START] Reloading Section: "post-stage/SlotAccessorRegistryImpl/"
[15:41:28] [main/TRACE] [REI] [REIServerPlugin START] Reloading Section: "post-stage/SlotAccessorRegistryImpl/" done in 3.154 μs
[15:41:28] [main/TRACE] [REI] [REIServerPlugin START] Reloading Section: "post-stage/" done in 144.6 μs
[15:41:28] [main/DEBUG] [REI] ========================================
[15:41:28] [main/INFO] [REI] REIServerPlugin finished post-reload for START in 486.0 μs, totaling 4.304 ms.
[15:41:28] [main/DEBUG] [REI] ========================================
[15:41:28] [main/DEBUG] [REI] ========================================
[15:41:28] [main/DEBUG] [REI] REIPlugin starting pre-reload for END.
[15:41:28] [main/DEBUG] [REI] Reloadables (7):
[15:41:28] [main/DEBUG] [REI]  - EntryTypeRegistryImpl
[15:41:28] [main/DEBUG] [REI]  - EntrySettingsAdapterRegistryImpl
[15:41:28] [main/DEBUG] [REI]  - RecipeManagerContextImpl
[15:41:28] [main/DEBUG] [REI]  - ItemComparatorRegistryImpl
[15:41:28] [main/DEBUG] [REI]  - FluidComparatorRegistryImpl
[15:41:28] [main/DEBUG] [REI]  - DisplaySerializerRegistryImpl
[15:41:28] [main/DEBUG] [REI]  - FluidSupportProviderImpl
[15:41:28] [main/DEBUG] [REI] Plugins (2):
[15:41:28] [main/DEBUG] [REI]  - (-100.00) DefaultPluginImpl of DefaultPluginImpl [roughlyenoughitems]
[15:41:28] [main/DEBUG] [REI]  - (0.00) DefaultRuntimePlugin of DefaultRuntimePlugin [roughlyenoughitems]
[15:41:28] [main/DEBUG] [REI] ========================================
[15:41:28] [main/TRACE] [REI] [REIPlugin END] Reloading Section: "pre-register/"
[15:41:28] [main/TRACE] [REI] [REIPlugin END] Reloading Section: "pre-register/DefaultPluginImpl of DefaultPluginImpl [roughlyenoughitems]/"
[15:41:28] [main/TRACE] [REI] [REIPlugin END] Reloading Section: "pre-register/DefaultPluginImpl of DefaultPluginImpl [roughlyenoughitems]/" done in 9.069 μs
[15:41:28] [main/TRACE] [REI] [REIPlugin END] Reloading Section: "pre-register/DefaultRuntimePlugin of DefaultRuntimePlugin [roughlyenoughitems]/"
[15:41:28] [main/TRACE] [REI] [REIPlugin END] Reloading Section: "pre-register/DefaultRuntimePlugin of DefaultRuntimePlugin [roughlyenoughitems]/" done in 4.079 μs
[15:41:28] [main/TRACE] [REI] [REIPlugin END] Reloading Section: "pre-register/" done in 175.5 μs
[15:41:28] [main/TRACE] [REI] [REIPlugin END] Reloading Section: "pre-stage/"
[15:41:28] [main/TRACE] [REI] [REIPlugin END] Reloading Section: "pre-stage/EntryTypeRegistryImpl/"
[15:41:28] [main/TRACE] [REI] [REIPlugin END] Reloading Section: "pre-stage/EntryTypeRegistryImpl/" done in 13.67 μs
[15:41:28] [main/TRACE] [REI] [REIPlugin END] Reloading Section: "pre-stage/EntrySettingsAdapterRegistryImpl/"
[15:41:28] [main/TRACE] [REI] [REIPlugin END] Reloading Section: "pre-stage/EntrySettingsAdapterRegistryImpl/" done in 3.468 μs
[15:41:28] [main/TRACE] [REI] [REIPlugin END] Reloading Section: "pre-stage/RecipeManagerContextImpl/"
[15:41:28] [main/TRACE] [REI] [REIPlugin END] Reloading Section: "pre-stage/RecipeManagerContextImpl/" done in 2.934 μs
[15:41:28] [main/TRACE] [REI] [REIPlugin END] Reloading Section: "pre-stage/ItemComparatorRegistryImpl/"
[15:41:28] [main/TRACE] [REI] [REIPlugin END] Reloading Section: "pre-stage/ItemComparatorRegistryImpl/" done in 3.386 μs
[15:41:28] [main/TRACE] [REI] [REIPlugin END] Reloading Section: "pre-stage/FluidComparatorRegistryImpl/"
[15:41:28] [main/TRACE] [REI] [REIPlugin END] Reloading Section: "pre-stage/FluidComparatorRegistryImpl/" done in 3.217 μs
[15:41:28] [main/TRACE] [REI] [REIPlugin END] Reloading Section: "pre-stage/DisplaySerializerRegistryImpl/"
[15:41:28] [main/TRACE] [REI] [REIPlugin END] Reloading Section: "pre-stage/DisplaySerializerRegistryImpl/" done in 2.778 μs
[15:41:28] [main/TRACE] [REI] [REIPlugin END] Reloading Section: "pre-stage/FluidSupportProviderImpl/"
[15:41:28] [main/TRACE] [REI] [REIPlugin END] Reloading Section: "pre-stage/FluidSupportProviderImpl/" done in 5.363 μs
[15:41:28] [main/TRACE] [REI] [REIPlugin END] Reloading Section: "pre-stage/" done in 539.6 μs
[15:41:28] [main/DEBUG] [REI] ========================================
[15:41:28] [main/DEBUG] [REI] REIPlugin finished pre-reload for END in 869.5 μs.
[15:41:28] [main/DEBUG] [REI] ========================================
[15:41:28] [main/DEBUG] [REI] ========================================
[15:41:28] [main/DEBUG] [REI] REIServerPlugin starting pre-reload for END.
[15:41:28] [main/DEBUG] [REI] Reloadables (2):
[15:41:28] [main/DEBUG] [REI]  - MenuInfoRegistryImpl
[15:41:28] [main/DEBUG] [REI]  - SlotAccessorRegistryImpl
[15:41:28] [main/DEBUG] [REI] Plugins (2):
[15:41:28] [main/DEBUG] [REI]  - (-100.00) DefaultPluginImpl of DefaultPluginImpl [roughlyenoughitems]
[15:41:28] [main/DEBUG] [REI]  - (0.00) DefaultRuntimePlugin of DefaultRuntimePlugin [roughlyenoughitems]
[15:41:28] [main/DEBUG] [REI] ========================================
[15:41:28] [main/TRACE] [REI] [REIServerPlugin END] Reloading Section: "pre-register/"
[15:41:28] [main/TRACE] [REI] [REIServerPlugin END] Reloading Section: "pre-register/DefaultPluginImpl of DefaultPluginImpl [roughlyenoughitems]/"
[15:41:28] [main/TRACE] [REI] [REIServerPlugin END] Reloading Section: "pre-register/DefaultPluginImpl of DefaultPluginImpl [roughlyenoughitems]/" done in 19.38 μs
[15:41:28] [main/TRACE] [REI] [REIServerPlugin END] Reloading Section: "pre-register/DefaultRuntimePlugin of DefaultRuntimePlugin [roughlyenoughitems]/"
[15:41:28] [main/TRACE] [REI] [REIServerPlugin END] Reloading Section: "pre-register/DefaultRuntimePlugin of DefaultRuntimePlugin [roughlyenoughitems]/" done in 6.358 μs
[15:41:28] [main/TRACE] [REI] [REIServerPlugin END] Reloading Section: "pre-register/" done in 238.8 μs
[15:41:28] [main/TRACE] [REI] [REIServerPlugin END] Reloading Section: "pre-stage/"
[15:41:28] [main/TRACE] [REI] [REIServerPlugin END] Reloading Section: "pre-stage/MenuInfoRegistryImpl/"
[15:41:28] [main/TRACE] [REI] [REIServerPlugin END] Reloading Section: "pre-stage/MenuInfoRegistryImpl/" done in 13.50 μs
[15:41:28] [main/TRACE] [REI] [REIServerPlugin END] Reloading Section: "pre-stage/SlotAccessorRegistryImpl/"
[15:41:28] [main/TRACE] [REI] [REIServerPlugin END] Reloading Section: "pre-stage/SlotAccessorRegistryImpl/" done in 3.383 μs
[15:41:28] [main/TRACE] [REI] [REIServerPlugin END] Reloading Section: "pre-stage/" done in 215.8 μs
[15:41:28] [main/DEBUG] [REI] ========================================
[15:41:28] [main/DEBUG] [REI] REIServerPlugin finished pre-reload for END in 606.1 μs.
[15:41:28] [main/DEBUG] [REI] ========================================
[15:41:28] [main/INFO] [REI] ~~~~~~~~~~~~~~~~~~~~~~~~~~~~~~~~~~~~~~~~
[15:41:28] [main/INFO] [REI] REIPlugin starting main-reload for END.
[15:41:28] [main/DEBUG] [REI] Reloadables (7):
[15:41:28] [main/DEBUG] [REI]  - EntryTypeRegistryImpl
[15:41:28] [main/DEBUG] [REI]  - EntrySettingsAdapterRegistryImpl
[15:41:28] [main/DEBUG] [REI]  - RecipeManagerContextImpl
[15:41:28] [main/DEBUG] [REI]  - ItemComparatorRegistryImpl
[15:41:28] [main/DEBUG] [REI]  - FluidComparatorRegistryImpl
[15:41:28] [main/DEBUG] [REI]  - DisplaySerializerRegistryImpl
[15:41:28] [main/DEBUG] [REI]  - FluidSupportProviderImpl
[15:41:28] [main/INFO] [REI] Plugins (2):
[15:41:28] [main/INFO] [REI]  - (-100.00) DefaultPluginImpl of DefaultPluginImpl [roughlyenoughitems]
[15:41:28] [main/INFO] [REI]  - (0.00) DefaultRuntimePlugin of DefaultRuntimePlugin [roughlyenoughitems]
[15:41:28] [main/INFO] [REI] ~~~~~~~~~~~~~~~~~~~~~~~~~~~~~~~~~~~~~~~~
[15:41:28] [main/TRACE] [REI] [REIPlugin END] Reloading Section: "start-reload/"
[15:41:28] [main/TRACE] [REI] [REIPlugin END] Reloading Section: "start-reload/EntryTypeRegistryImpl/"
[15:41:28] [main/TRACE] [REI] [REIPlugin END] Reloading Section: "start-reload/EntryTypeRegistryImpl/" done in 6.520 μs
[15:41:28] [main/TRACE] [REI] [REIPlugin END] Reloading Section: "start-reload/EntrySettingsAdapterRegistryImpl/"
[15:41:28] [main/TRACE] [REI] [REIPlugin END] Reloading Section: "start-reload/EntrySettingsAdapterRegistryImpl/" done in 19.02 μs
[15:41:28] [main/TRACE] [REI] [REIPlugin END] Reloading Section: "start-reload/RecipeManagerContextImpl/"
[15:41:28] [main/TRACE] [REI] [REIPlugin END] Reloading Section: "start-reload/RecipeManagerContextImpl/" done in 3.980 μs
[15:41:28] [main/TRACE] [REI] [REIPlugin END] Reloading Section: "start-reload/ItemComparatorRegistryImpl/"
[15:41:28] [main/TRACE] [REI] [REIPlugin END] Reloading Section: "start-reload/ItemComparatorRegistryImpl/" done in 2.936 μs
[15:41:28] [main/TRACE] [REI] [REIPlugin END] Reloading Section: "start-reload/FluidComparatorRegistryImpl/"
[15:41:28] [main/TRACE] [REI] [REIPlugin END] Reloading Section: "start-reload/FluidComparatorRegistryImpl/" done in 2.447 μs
[15:41:28] [main/TRACE] [REI] [REIPlugin END] Reloading Section: "start-reload/DisplaySerializerRegistryImpl/"
[15:41:28] [main/TRACE] [REI] [REIPlugin END] Reloading Section: "start-reload/DisplaySerializerRegistryImpl/" done in 5.222 μs
[15:41:28] [main/TRACE] [REI] [REIPlugin END] Reloading Section: "start-reload/FluidSupportProviderImpl/"
[15:41:28] [main/TRACE] [REI] [REIPlugin END] Reloading Section: "start-reload/FluidSupportProviderImpl/" done in 3.008 μs
[15:41:28] [main/TRACE] [REI] [REIPlugin END] Reloading Section: "start-reload/" done in 527.8 μs
[15:41:28] [main/DEBUG] [REI] ========================================
[15:41:28] [main/DEBUG] [REI] REIPlugin started main-reload for END.
[15:41:28] [main/DEBUG] [REI] ========================================
[15:41:28] [main/TRACE] [REI] [REIPlugin END] Reloading Section: "reloadable-plugin/EntryTypeRegistryImpl/"
[15:41:28] [main/TRACE] [REI] [REIPlugin END] Reloading Section: "reloadable-plugin/EntryTypeRegistryImpl/DefaultPluginImpl of DefaultPluginImpl [roughlyenoughitems]/"
[15:41:28] [main/TRACE] [REI] [REIPlugin END] Reloading Section: "reloadable-plugin/EntryTypeRegistryImpl/DefaultPluginImpl of DefaultPluginImpl [roughlyenoughitems]/" done in 10.20 μs
[15:41:28] [main/TRACE] [REI] [REIPlugin END] Reloading Section: "reloadable-plugin/EntryTypeRegistryImpl/DefaultRuntimePlugin of DefaultRuntimePlugin [roughlyenoughitems]/"
[15:41:28] [main/TRACE] [REI] [REIPlugin END] Reloading Section: "reloadable-plugin/EntryTypeRegistryImpl/DefaultRuntimePlugin of DefaultRuntimePlugin [roughlyenoughitems]/" done in 5.320 μs
[15:41:28] [main/TRACE] [REI] [REIPlugin END] Reloading Section: "reloadable-plugin/EntryTypeRegistryImpl/" done in 195.0 μs
[15:41:28] [main/TRACE] [REI] [REIPlugin END] Reloading Section: "reloadable-plugin/EntrySettingsAdapterRegistryImpl/"
[15:41:28] [main/TRACE] [REI] [REIPlugin END] Reloading Section: "reloadable-plugin/EntrySettingsAdapterRegistryImpl/DefaultPluginImpl of DefaultPluginImpl [roughlyenoughitems]/"
[15:41:28] [main/TRACE] [REI] [REIPlugin END] Reloading Section: "reloadable-plugin/EntrySettingsAdapterRegistryImpl/DefaultPluginImpl of DefaultPluginImpl [roughlyenoughitems]/" done in 12.12 μs
[15:41:28] [main/TRACE] [REI] [REIPlugin END] Reloading Section: "reloadable-plugin/EntrySettingsAdapterRegistryImpl/DefaultRuntimePlugin of DefaultRuntimePlugin [roughlyenoughitems]/"
[15:41:28] [main/TRACE] [REI] [REIPlugin END] Reloading Section: "reloadable-plugin/EntrySettingsAdapterRegistryImpl/DefaultRuntimePlugin of DefaultRuntimePlugin [roughlyenoughitems]/" done in 6.676 μs
[15:41:28] [main/TRACE] [REI] [REIPlugin END] Reloading Section: "reloadable-plugin/EntrySettingsAdapterRegistryImpl/" done in 181.0 μs
[15:41:28] [main/TRACE] [REI] [REIPlugin END] Reloading Section: "reloadable-plugin/RecipeManagerContextImpl/"
[15:41:28] [main/TRACE] [REI] [REIPlugin END] Reloading Section: "reloadable-plugin/RecipeManagerContextImpl/DefaultPluginImpl of DefaultPluginImpl [roughlyenoughitems]/"
[15:41:28] [main/TRACE] [REI] [REIPlugin END] Reloading Section: "reloadable-plugin/RecipeManagerContextImpl/DefaultPluginImpl of DefaultPluginImpl [roughlyenoughitems]/" done in 5.787 μs
[15:41:28] [main/TRACE] [REI] [REIPlugin END] Reloading Section: "reloadable-plugin/RecipeManagerContextImpl/DefaultRuntimePlugin of DefaultRuntimePlugin [roughlyenoughitems]/"
[15:41:28] [main/TRACE] [REI] [REIPlugin END] Reloading Section: "reloadable-plugin/RecipeManagerContextImpl/DefaultRuntimePlugin of DefaultRuntimePlugin [roughlyenoughitems]/" done in 5.306 μs
[15:41:28] [main/TRACE] [REI] [REIPlugin END] Reloading Section: "reloadable-plugin/RecipeManagerContextImpl/" done in 174.0 μs
[15:41:28] [main/TRACE] [REI] [REIPlugin END] Reloading Section: "reloadable-plugin/ItemComparatorRegistryImpl/"
[15:41:28] [main/TRACE] [REI] [REIPlugin END] Reloading Section: "reloadable-plugin/ItemComparatorRegistryImpl/DefaultPluginImpl of DefaultPluginImpl [roughlyenoughitems]/"
[15:41:28] [main/TRACE] [REI] [REIPlugin END] Reloading Section: "reloadable-plugin/ItemComparatorRegistryImpl/DefaultPluginImpl of DefaultPluginImpl [roughlyenoughitems]/" done in 5.253 μs
[15:41:28] [main/TRACE] [REI] [REIPlugin END] Reloading Section: "reloadable-plugin/ItemComparatorRegistryImpl/DefaultRuntimePlugin of DefaultRuntimePlugin [roughlyenoughitems]/"
[15:41:28] [main/TRACE] [REI] [REIPlugin END] Reloading Section: "reloadable-plugin/ItemComparatorRegistryImpl/DefaultRuntimePlugin of DefaultRuntimePlugin [roughlyenoughitems]/" done in 4.936 μs
[15:41:28] [main/TRACE] [REI] [REIPlugin END] Reloading Section: "reloadable-plugin/ItemComparatorRegistryImpl/" done in 167.9 μs
[15:41:28] [main/TRACE] [REI] [REIPlugin END] Reloading Section: "reloadable-plugin/FluidComparatorRegistryImpl/"
[15:41:28] [main/TRACE] [REI] [REIPlugin END] Reloading Section: "reloadable-plugin/FluidComparatorRegistryImpl/DefaultPluginImpl of DefaultPluginImpl [roughlyenoughitems]/"
[15:41:28] [main/TRACE] [REI] [REIPlugin END] Reloading Section: "reloadable-plugin/FluidComparatorRegistryImpl/DefaultPluginImpl of DefaultPluginImpl [roughlyenoughitems]/" done in 5.383 μs
[15:41:28] [main/TRACE] [REI] [REIPlugin END] Reloading Section: "reloadable-plugin/FluidComparatorRegistryImpl/DefaultRuntimePlugin of DefaultRuntimePlugin [roughlyenoughitems]/"
[15:41:28] [main/TRACE] [REI] [REIPlugin END] Reloading Section: "reloadable-plugin/FluidComparatorRegistryImpl/DefaultRuntimePlugin of DefaultRuntimePlugin [roughlyenoughitems]/" done in 4.906 μs
[15:41:28] [main/TRACE] [REI] [REIPlugin END] Reloading Section: "reloadable-plugin/FluidComparatorRegistryImpl/" done in 165.0 μs
[15:41:28] [main/TRACE] [REI] [REIPlugin END] Reloading Section: "reloadable-plugin/DisplaySerializerRegistryImpl/"
[15:41:28] [main/TRACE] [REI] [REIPlugin END] Reloading Section: "reloadable-plugin/DisplaySerializerRegistryImpl/DefaultPluginImpl of DefaultPluginImpl [roughlyenoughitems]/"
[15:41:28] [main/TRACE] [REI] [REIPlugin END] Reloading Section: "reloadable-plugin/DisplaySerializerRegistryImpl/DefaultPluginImpl of DefaultPluginImpl [roughlyenoughitems]/" done in 14.58 ms
[15:41:28] [main/TRACE] [REI] [REIPlugin END] Reloading Section: "reloadable-plugin/DisplaySerializerRegistryImpl/DefaultRuntimePlugin of DefaultRuntimePlugin [roughlyenoughitems]/"
[15:41:28] [main/TRACE] [REI] [REIPlugin END] Reloading Section: "reloadable-plugin/DisplaySerializerRegistryImpl/DefaultRuntimePlugin of DefaultRuntimePlugin [roughlyenoughitems]/" done in 19.44 μs
[15:41:28] [main/TRACE] [REI] [REIPlugin END] Reloading Section: "reloadable-plugin/DisplaySerializerRegistryImpl/" done in 15.00 ms
[15:41:28] [main/TRACE] [REI] [REIPlugin END] Reloading Section: "reloadable-plugin/FluidSupportProviderImpl/"
[15:41:28] [main/TRACE] [REI] [REIPlugin END] Reloading Section: "reloadable-plugin/FluidSupportProviderImpl/DefaultPluginImpl of DefaultPluginImpl [roughlyenoughitems]/"
[15:41:28] [main/TRACE] [REI] [REIPlugin END] Reloading Section: "reloadable-plugin/FluidSupportProviderImpl/DefaultPluginImpl of DefaultPluginImpl [roughlyenoughitems]/" done in 11.63 μs
[15:41:28] [main/TRACE] [REI] [REIPlugin END] Reloading Section: "reloadable-plugin/FluidSupportProviderImpl/DefaultRuntimePlugin of DefaultRuntimePlugin [roughlyenoughitems]/"
[15:41:28] [main/TRACE] [REI] [REIPlugin END] Reloading Section: "reloadable-plugin/FluidSupportProviderImpl/DefaultRuntimePlugin of DefaultRuntimePlugin [roughlyenoughitems]/" done in 8.064 μs
[15:41:28] [main/TRACE] [REI] [REIPlugin END] Reloading Section: "reloadable-plugin/FluidSupportProviderImpl/" done in 324.2 μs
[15:41:28] [main/DEBUG] [REI] ========================================
[15:41:28] [main/DEBUG] [REI] REIPlugin ending main-reload for END.
[15:41:28] [main/DEBUG] [REI] ========================================
[15:41:28] [main/TRACE] [REI] [REIPlugin END] Reloading Section: "end-reload/"
[15:41:28] [main/TRACE] [REI] [REIPlugin END] Reloading Section: "end-reload/EntryTypeRegistryImpl/"
[15:41:28] [main/TRACE] [REI] [REIPlugin END] Reloading Section: "end-reload/EntryTypeRegistryImpl/" done in 4.307 μs
[15:41:28] [main/TRACE] [REI] [REIPlugin END] Reloading Section: "end-reload/EntrySettingsAdapterRegistryImpl/"
[15:41:28] [main/TRACE] [REI] [REIPlugin END] Reloading Section: "end-reload/EntrySettingsAdapterRegistryImpl/" done in 3.729 μs
[15:41:28] [main/TRACE] [REI] [REIPlugin END] Reloading Section: "end-reload/RecipeManagerContextImpl/"
[15:41:28] [main/TRACE] [REI] [REIPlugin END] Reloading Section: "end-reload/RecipeManagerContextImpl/" done in 3.327 μs
[15:41:28] [main/TRACE] [REI] [REIPlugin END] Reloading Section: "end-reload/ItemComparatorRegistryImpl/"
[15:41:28] [main/TRACE] [REI] [REIPlugin END] Reloading Section: "end-reload/ItemComparatorRegistryImpl/" done in 3.277 μs
[15:41:28] [main/TRACE] [REI] [REIPlugin END] Reloading Section: "end-reload/FluidComparatorRegistryImpl/"
[15:41:28] [main/TRACE] [REI] [REIPlugin END] Reloading Section: "end-reload/FluidComparatorRegistryImpl/" done in 2.766 μs
[15:41:28] [main/TRACE] [REI] [REIPlugin END] Reloading Section: "end-reload/DisplaySerializerRegistryImpl/"
[15:41:28] [main/TRACE] [REI] [REIPlugin END] Reloading Section: "end-reload/DisplaySerializerRegistryImpl/" done in 13.62 μs
[15:41:28] [main/TRACE] [REI] [REIPlugin END] Reloading Section: "end-reload/FluidSupportProviderImpl/"
[15:41:28] [main/TRACE] [REI] [REIPlugin END] Reloading Section: "end-reload/FluidSupportProviderImpl/" done in 3.218 μs
[15:41:28] [main/TRACE] [REI] [REIPlugin END] Reloading Section: "end-reload/" done in 609.5 μs
[15:41:28] [main/DEBUG] [REI] ========================================
[15:41:28] [main/DEBUG] [REI] REIPlugin ended main-reload for END in 19.61 ms.
[15:41:28] [main/DEBUG] [REI] ========================================
[15:41:28] [main/INFO] [REI] ----------------------------------------
[15:41:28] [main/INFO] [REI] REIServerPlugin starting main-reload for END.
[15:41:28] [main/DEBUG] [REI] Reloadables (2):
[15:41:28] [main/DEBUG] [REI]  - MenuInfoRegistryImpl
[15:41:28] [main/DEBUG] [REI]  - SlotAccessorRegistryImpl
[15:41:28] [main/INFO] [REI] Plugins (2):
[15:41:28] [main/INFO] [REI]  - (-100.00) DefaultPluginImpl of DefaultPluginImpl [roughlyenoughitems]
[15:41:28] [main/INFO] [REI]  - (0.00) DefaultRuntimePlugin of DefaultRuntimePlugin [roughlyenoughitems]
[15:41:28] [main/INFO] [REI] ----------------------------------------
[15:41:28] [main/TRACE] [REI] [REIServerPlugin END] Reloading Section: "start-reload/"
[15:41:28] [main/TRACE] [REI] [REIServerPlugin END] Reloading Section: "start-reload/MenuInfoRegistryImpl/"
[15:41:28] [main/TRACE] [REI] [REIServerPlugin END] Reloading Section: "start-reload/MenuInfoRegistryImpl/" done in 26.83 μs
[15:41:28] [main/TRACE] [REI] [REIServerPlugin END] Reloading Section: "start-reload/SlotAccessorRegistryImpl/"
[15:41:28] [main/TRACE] [REI] [REIServerPlugin END] Reloading Section: "start-reload/SlotAccessorRegistryImpl/" done in 8.273 μs
[15:41:28] [main/TRACE] [REI] [REIServerPlugin END] Reloading Section: "start-reload/" done in 250.4 μs
[15:41:28] [main/DEBUG] [REI] ========================================
[15:41:28] [main/DEBUG] [REI] REIServerPlugin started main-reload for END.
[15:41:28] [main/DEBUG] [REI] ========================================
[15:41:28] [main/TRACE] [REI] [REIServerPlugin END] Reloading Section: "reloadable-plugin/MenuInfoRegistryImpl/"
[15:41:28] [main/TRACE] [REI] [REIServerPlugin END] Reloading Section: "reloadable-plugin/MenuInfoRegistryImpl/DefaultPluginImpl of DefaultPluginImpl [roughlyenoughitems]/"
[15:41:28] [main/TRACE] [REI] [REIServerPlugin END] Reloading Section: "reloadable-plugin/MenuInfoRegistryImpl/DefaultPluginImpl of DefaultPluginImpl [roughlyenoughitems]/" done in 32.04 μs
[15:41:28] [main/TRACE] [REI] [REIServerPlugin END] Reloading Section: "reloadable-plugin/MenuInfoRegistryImpl/DefaultRuntimePlugin of DefaultRuntimePlugin [roughlyenoughitems]/"
[15:41:28] [main/TRACE] [REI] [REIServerPlugin END] Reloading Section: "reloadable-plugin/MenuInfoRegistryImpl/DefaultRuntimePlugin of DefaultRuntimePlugin [roughlyenoughitems]/" done in 5.096 μs
[15:41:28] [main/TRACE] [REI] [REIServerPlugin END] Reloading Section: "reloadable-plugin/MenuInfoRegistryImpl/" done in 197.0 μs
[15:41:28] [main/TRACE] [REI] [REIServerPlugin END] Reloading Section: "reloadable-plugin/SlotAccessorRegistryImpl/"
[15:41:28] [main/TRACE] [REI] [REIServerPlugin END] Reloading Section: "reloadable-plugin/SlotAccessorRegistryImpl/DefaultPluginImpl of DefaultPluginImpl [roughlyenoughitems]/"
[15:41:28] [main/TRACE] [REI] [REIServerPlugin END] Reloading Section: "reloadable-plugin/SlotAccessorRegistryImpl/DefaultPluginImpl of DefaultPluginImpl [roughlyenoughitems]/" done in 13.08 μs
[15:41:28] [main/TRACE] [REI] [REIServerPlugin END] Reloading Section: "reloadable-plugin/SlotAccessorRegistryImpl/DefaultRuntimePlugin of DefaultRuntimePlugin [roughlyenoughitems]/"
[15:41:28] [main/DEBUG] [REI] Added slot accessor serializer: me.shedaniel.rei.plugin.common.runtime.DefaultRuntimePlugin$1@7e471736 [roughlyenoughitems:vanilla]
[15:41:28] [main/DEBUG] [REI] Added slot accessor serializer: me.shedaniel.rei.plugin.common.runtime.DefaultRuntimePlugin$2@47195f04 [roughlyenoughitems:player]
[15:41:28] [main/TRACE] [REI] [REIServerPlugin END] Reloading Section: "reloadable-plugin/SlotAccessorRegistryImpl/DefaultRuntimePlugin of DefaultRuntimePlugin [roughlyenoughitems]/" done in 1.923 ms
[15:41:28] [main/TRACE] [REI] [REIServerPlugin END] Reloading Section: "reloadable-plugin/SlotAccessorRegistryImpl/" done in 2.172 ms
[15:41:28] [main/DEBUG] [REI] ========================================
[15:41:28] [main/DEBUG] [REI] REIServerPlugin ending main-reload for END.
[15:41:28] [main/DEBUG] [REI] ========================================
[15:41:28] [main/TRACE] [REI] [REIServerPlugin END] Reloading Section: "end-reload/"
[15:41:28] [main/TRACE] [REI] [REIServerPlugin END] Reloading Section: "end-reload/MenuInfoRegistryImpl/"
[15:41:28] [main/DEBUG] [REI] Registered 0 menu infos
[15:41:28] [main/TRACE] [REI] [REIServerPlugin END] Reloading Section: "end-reload/MenuInfoRegistryImpl/" done in 116.6 μs
[15:41:28] [main/TRACE] [REI] [REIServerPlugin END] Reloading Section: "end-reload/SlotAccessorRegistryImpl/"
[15:41:28] [main/DEBUG] [REI] Registered 2 slot accessor serializers
[15:41:28] [main/TRACE] [REI] [REIServerPlugin END] Reloading Section: "end-reload/SlotAccessorRegistryImpl/" done in 95.06 μs
[15:41:28] [main/TRACE] [REI] [REIServerPlugin END] Reloading Section: "end-reload/" done in 452.4 μs
[15:41:28] [main/DEBUG] [REI] ========================================
[15:41:28] [main/DEBUG] [REI] REIServerPlugin ended main-reload for END in 4.802 ms.
[15:41:28] [main/DEBUG] [REI] ========================================
[15:41:28] [main/DEBUG] [REI] ========================================
[15:41:28] [main/DEBUG] [REI] REIPlugin starting post-reload for END.
[15:41:28] [main/DEBUG] [REI] Reloadables (7):
[15:41:28] [main/DEBUG] [REI]  - EntryTypeRegistryImpl
[15:41:28] [main/DEBUG] [REI]  - EntrySettingsAdapterRegistryImpl
[15:41:28] [main/DEBUG] [REI]  - RecipeManagerContextImpl
[15:41:28] [main/DEBUG] [REI]  - ItemComparatorRegistryImpl
[15:41:28] [main/DEBUG] [REI]  - FluidComparatorRegistryImpl
[15:41:28] [main/DEBUG] [REI]  - DisplaySerializerRegistryImpl
[15:41:28] [main/DEBUG] [REI]  - FluidSupportProviderImpl
[15:41:28] [main/DEBUG] [REI] Plugins (2):
[15:41:28] [main/DEBUG] [REI]  - (-100.00) DefaultPluginImpl of DefaultPluginImpl [roughlyenoughitems]
[15:41:28] [main/DEBUG] [REI]  - (0.00) DefaultRuntimePlugin of DefaultRuntimePlugin [roughlyenoughitems]
[15:41:28] [main/DEBUG] [REI] ========================================
[15:41:28] [main/TRACE] [REI] [REIPlugin END] Reloading Section: "post-register/"
[15:41:28] [main/TRACE] [REI] [REIPlugin END] Reloading Section: "post-register/DefaultPluginImpl of DefaultPluginImpl [roughlyenoughitems]/"
[15:41:28] [main/TRACE] [REI] [REIPlugin END] Reloading Section: "post-register/DefaultPluginImpl of DefaultPluginImpl [roughlyenoughitems]/" done in 10.21 μs
[15:41:28] [main/TRACE] [REI] [REIPlugin END] Reloading Section: "post-register/DefaultRuntimePlugin of DefaultRuntimePlugin [roughlyenoughitems]/"
[15:41:28] [main/TRACE] [REI] [REIPlugin END] Reloading Section: "post-register/DefaultRuntimePlugin of DefaultRuntimePlugin [roughlyenoughitems]/" done in 12.87 μs
[15:41:28] [main/TRACE] [REI] [REIPlugin END] Reloading Section: "post-register/" done in 238.2 μs
[15:41:28] [main/TRACE] [REI] [REIPlugin END] Reloading Section: "post-stage/"
[15:41:28] [main/TRACE] [REI] [REIPlugin END] Reloading Section: "post-stage/EntryTypeRegistryImpl/"
[15:41:28] [main/TRACE] [REI] [REIPlugin END] Reloading Section: "post-stage/EntryTypeRegistryImpl/" done in 4.295 μs
[15:41:28] [main/TRACE] [REI] [REIPlugin END] Reloading Section: "post-stage/EntrySettingsAdapterRegistryImpl/"
[15:41:28] [main/TRACE] [REI] [REIPlugin END] Reloading Section: "post-stage/EntrySettingsAdapterRegistryImpl/" done in 2.404 μs
[15:41:28] [main/TRACE] [REI] [REIPlugin END] Reloading Section: "post-stage/RecipeManagerContextImpl/"
[15:41:28] [main/TRACE] [REI] [REIPlugin END] Reloading Section: "post-stage/RecipeManagerContextImpl/" done in 2.719 μs
[15:41:28] [main/TRACE] [REI] [REIPlugin END] Reloading Section: "post-stage/ItemComparatorRegistryImpl/"
[15:41:28] [main/TRACE] [REI] [REIPlugin END] Reloading Section: "post-stage/ItemComparatorRegistryImpl/" done in 3.102 μs
[15:41:28] [main/TRACE] [REI] [REIPlugin END] Reloading Section: "post-stage/FluidComparatorRegistryImpl/"
[15:41:28] [main/TRACE] [REI] [REIPlugin END] Reloading Section: "post-stage/FluidComparatorRegistryImpl/" done in 2.225 μs
[15:41:28] [main/TRACE] [REI] [REIPlugin END] Reloading Section: "post-stage/DisplaySerializerRegistryImpl/"
[15:41:28] [main/TRACE] [REI] [REIPlugin END] Reloading Section: "post-stage/DisplaySerializerRegistryImpl/" done in 2.345 μs
[15:41:28] [main/TRACE] [REI] [REIPlugin END] Reloading Section: "post-stage/FluidSupportProviderImpl/"
[15:41:28] [main/TRACE] [REI] [REIPlugin END] Reloading Section: "post-stage/FluidSupportProviderImpl/" done in 2.495 μs
[15:41:28] [main/TRACE] [REI] [REIPlugin END] Reloading Section: "post-stage/" done in 499.9 μs
[15:41:28] [main/DEBUG] [REI] ========================================
[15:41:28] [main/INFO] [REI] REIPlugin finished post-reload for END in 870.8 μs, totaling 21.26 ms.
[15:41:28] [main/DEBUG] [REI] ========================================
[15:41:28] [main/DEBUG] [REI] ========================================
[15:41:28] [main/DEBUG] [REI] REIServerPlugin starting post-reload for END.
[15:41:28] [main/DEBUG] [REI] Reloadables (2):
[15:41:28] [main/DEBUG] [REI]  - MenuInfoRegistryImpl
[15:41:28] [main/DEBUG] [REI]  - SlotAccessorRegistryImpl
[15:41:28] [main/DEBUG] [REI] Plugins (2):
[15:41:28] [main/DEBUG] [REI]  - (-100.00) DefaultPluginImpl of DefaultPluginImpl [roughlyenoughitems]
[15:41:28] [main/DEBUG] [REI]  - (0.00) DefaultRuntimePlugin of DefaultRuntimePlugin [roughlyenoughitems]
[15:41:28] [main/DEBUG] [REI] ========================================
[15:41:28] [main/TRACE] [REI] [REIServerPlugin END] Reloading Section: "post-register/"
[15:41:28] [main/TRACE] [REI] [REIServerPlugin END] Reloading Section: "post-register/DefaultPluginImpl of DefaultPluginImpl [roughlyenoughitems]/"
[15:41:28] [main/TRACE] [REI] [REIServerPlugin END] Reloading Section: "post-register/DefaultPluginImpl of DefaultPluginImpl [roughlyenoughitems]/" done in 7.252 μs
[15:41:28] [main/TRACE] [REI] [REIServerPlugin END] Reloading Section: "post-register/DefaultRuntimePlugin of DefaultRuntimePlugin [roughlyenoughitems]/"
[15:41:28] [main/TRACE] [REI] [REIServerPlugin END] Reloading Section: "post-register/DefaultRuntimePlugin of DefaultRuntimePlugin [roughlyenoughitems]/" done in 8.292 μs
[15:41:28] [main/TRACE] [REI] [REIServerPlugin END] Reloading Section: "post-register/" done in 176.1 μs
[15:41:28] [main/TRACE] [REI] [REIServerPlugin END] Reloading Section: "post-stage/"
[15:41:28] [main/TRACE] [REI] [REIServerPlugin END] Reloading Section: "post-stage/MenuInfoRegistryImpl/"
[15:41:28] [main/TRACE] [REI] [REIServerPlugin END] Reloading Section: "post-stage/MenuInfoRegistryImpl/" done in 3.911 μs
[15:41:28] [main/TRACE] [REI] [REIServerPlugin END] Reloading Section: "post-stage/SlotAccessorRegistryImpl/"
[15:41:28] [main/TRACE] [REI] [REIServerPlugin END] Reloading Section: "post-stage/SlotAccessorRegistryImpl/" done in 2.745 μs
[15:41:28] [main/TRACE] [REI] [REIServerPlugin END] Reloading Section: "post-stage/" done in 151.8 μs
[15:41:28] [main/DEBUG] [REI] ========================================
[15:41:28] [main/INFO] [REI] REIServerPlugin finished post-reload for END in 457.5 μs, totaling 5.807 ms.
[15:41:28] [main/DEBUG] [REI] ========================================
